{"/Users/boutrosbekhit/Documents/MyFace/client/src/App.js": {"path":"/Users/boutrosbekhit/Documents/MyFace/client/src/App.js","statementMap":{"0":{"start":{"line":26,"column":13},"end":{"line":74,"column":2}},"1":{"start":{"line":27,"column":28},"end":{"line":27,"column":39}},"2":{"start":{"line":28,"column":44},"end":{"line":28,"column":55}},"3":{"start":{"line":30,"column":2},"end":{"line":73,"column":4}},"4":{"start":{"line":77,"column":2},"end":{"line":81,"column":9}},"5":{"start":{"line":78,"column":4},"end":{"line":80,"column":5}},"6":{"start":{"line":79,"column":6},"end":{"line":79,"column":57}},"7":{"start":{"line":82,"column":2},"end":{"line":86,"column":4}}},"fnMap":{"0":{"name":"(anonymous_0)","decl":{"start":{"line":26,"column":24},"end":{"line":26,"column":25}},"loc":{"start":{"line":26,"column":42},"end":{"line":74,"column":1}},"line":26},"1":{"name":"App","decl":{"start":{"line":76,"column":9},"end":{"line":76,"column":12}},"loc":{"start":{"line":76,"column":15},"end":{"line":87,"column":1}},"line":76},"2":{"name":"(anonymous_2)","decl":{"start":{"line":77,"column":12},"end":{"line":77,"column":13}},"loc":{"start":{"line":77,"column":18},"end":{"line":81,"column":3}},"line":77}},"branchMap":{"0":{"loc":{"start":{"line":34,"column":11},"end":{"line":42,"column":13}},"type":"binary-expr","locations":[{"start":{"line":34,"column":11},"end":{"line":34,"column":41}},{"start":{"line":35,"column":12},"end":{"line":35,"column":43}},{"start":{"line":36,"column":14},"end":{"line":41,"column":16}}],"line":34},"1":{"loc":{"start":{"line":78,"column":4},"end":{"line":80,"column":5}},"type":"if","locations":[{"start":{"line":78,"column":4},"end":{"line":80,"column":5}},{"start":{"line":78,"column":4},"end":{"line":80,"column":5}}],"line":78}},"s":{"0":0,"1":0,"2":0,"3":0,"4":0,"5":0,"6":0,"7":0},"f":{"0":0,"1":0,"2":0},"b":{"0":[0,0,0],"1":[0,0]},"hash":"d25175b5df1f585fc24302038b736874a559af47"}
,"/Users/boutrosbekhit/Documents/MyFace/client/src/index.js": {"path":"/Users/boutrosbekhit/Documents/MyFace/client/src/index.js","statementMap":{"0":{"start":{"line":5,"column":0},"end":{"line":5,"column":58}}},"fnMap":{},"branchMap":{},"s":{"0":0},"f":{},"b":{},"hash":"c0681c9a764581a3ab3950fc80d5e228c8c94811"}
,"/Users/boutrosbekhit/Documents/MyFace/client/src/components/Alert/AlertComponent.js": {"path":"/Users/boutrosbekhit/Documents/MyFace/client/src/components/Alert/AlertComponent.js","statementMap":{"0":{"start":{"line":6,"column":23},"end":{"line":31,"column":1}},"1":{"start":{"line":7,"column":26},"end":{"line":7,"column":46}},"2":{"start":{"line":8,"column":22},"end":{"line":10,"column":3}},"3":{"start":{"line":9,"column":4},"end":{"line":9,"column":19}},"4":{"start":{"line":12,"column":2},"end":{"line":30,"column":4}},"5":{"start":{"line":33,"column":24},"end":{"line":35,"column":2}},"6":{"start":{"line":33,"column":34},"end":{"line":35,"column":1}}},"fnMap":{"0":{"name":"(anonymous_0)","decl":{"start":{"line":6,"column":23},"end":{"line":6,"column":24}},"loc":{"start":{"line":6,"column":32},"end":{"line":31,"column":1}},"line":6},"1":{"name":"(anonymous_1)","decl":{"start":{"line":8,"column":22},"end":{"line":8,"column":23}},"loc":{"start":{"line":8,"column":28},"end":{"line":10,"column":3}},"line":8},"2":{"name":"(anonymous_2)","decl":{"start":{"line":33,"column":24},"end":{"line":33,"column":25}},"loc":{"start":{"line":33,"column":34},"end":{"line":35,"column":1}},"line":33}},"branchMap":{"0":{"loc":{"start":{"line":13,"column":4},"end":{"line":29,"column":5}},"type":"binary-expr","locations":[{"start":{"line":13,"column":4},"end":{"line":13,"column":24}},{"start":{"line":14,"column":4},"end":{"line":14,"column":28}},{"start":{"line":15,"column":6},"end":{"line":28,"column":8}}],"line":13},"1":{"loc":{"start":{"line":25,"column":24},"end":{"line":25,"column":75}},"type":"cond-expr","locations":[{"start":{"line":25,"column":60},"end":{"line":25,"column":65}},{"start":{"line":25,"column":68},"end":{"line":25,"column":75}}],"line":25}},"s":{"0":0,"1":0,"2":0,"3":0,"4":0,"5":0,"6":0},"f":{"0":0,"1":0,"2":0},"b":{"0":[0,0,0],"1":[0,0]},"hash":"d5d4f2d461fb2a6185effb8d43c6683b585061da"}
,"/Users/boutrosbekhit/Documents/MyFace/client/src/components/Auth/AcountActivate.js": {"path":"/Users/boutrosbekhit/Documents/MyFace/client/src/components/Auth/AcountActivate.js","statementMap":{"0":{"start":{"line":11,"column":18},"end":{"line":20,"column":3}},"1":{"start":{"line":11,"column":39},"end":{"line":20,"column":1}},"2":{"start":{"line":28,"column":2},"end":{"line":32,"column":22}},"3":{"start":{"line":29,"column":18},"end":{"line":29,"column":35}},"4":{"start":{"line":30,"column":38},"end":{"line":30,"column":45}},"5":{"start":{"line":31,"column":4},"end":{"line":31,"column":38}},"6":{"start":{"line":33,"column":18},"end":{"line":33,"column":29}},"7":{"start":{"line":34,"column":16},"end":{"line":34,"column":26}},"8":{"start":{"line":35,"column":20},"end":{"line":35,"column":63}},"9":{"start":{"line":36,"column":2},"end":{"line":53,"column":4}}},"fnMap":{"0":{"name":"(anonymous_0)","decl":{"start":{"line":11,"column":29},"end":{"line":11,"column":30}},"loc":{"start":{"line":11,"column":39},"end":{"line":20,"column":1}},"line":11},"1":{"name":"AccountActivate","decl":{"start":{"line":22,"column":9},"end":{"line":22,"column":24}},"loc":{"start":{"line":27,"column":3},"end":{"line":54,"column":1}},"line":27},"2":{"name":"(anonymous_2)","decl":{"start":{"line":28,"column":12},"end":{"line":28,"column":13}},"loc":{"start":{"line":28,"column":18},"end":{"line":32,"column":3}},"line":28}},"branchMap":{"0":{"loc":{"start":{"line":41,"column":29},"end":{"line":41,"column":58}},"type":"cond-expr","locations":[{"start":{"line":41,"column":41},"end":{"line":41,"column":49}},{"start":{"line":41,"column":52},"end":{"line":41,"column":58}}],"line":41}},"s":{"0":0,"1":0,"2":0,"3":0,"4":0,"5":0,"6":0,"7":0,"8":0,"9":0},"f":{"0":0,"1":0,"2":0},"b":{"0":[0,0]},"hash":"83c0f479ba2b0a842bf8aec9f8f02b5836ebb7a0"}
,"/Users/boutrosbekhit/Documents/MyFace/client/src/components/Auth/GoogleLoginComponent.js": {"path":"/Users/boutrosbekhit/Documents/MyFace/client/src/components/Auth/GoogleLoginComponent.js","statementMap":{"0":{"start":{"line":7,"column":29},"end":{"line":30,"column":1}},"1":{"start":{"line":8,"column":25},"end":{"line":16,"column":3}},"2":{"start":{"line":10,"column":20},"end":{"line":10,"column":36}},"3":{"start":{"line":11,"column":17},"end":{"line":11,"column":28}},"4":{"start":{"line":12,"column":17},"end":{"line":12,"column":45}},"5":{"start":{"line":13,"column":4},"end":{"line":15,"column":5}},"6":{"start":{"line":14,"column":6},"end":{"line":14,"column":24}},"7":{"start":{"line":17,"column":2},"end":{"line":29,"column":4}}},"fnMap":{"0":{"name":"(anonymous_0)","decl":{"start":{"line":7,"column":29},"end":{"line":7,"column":30}},"loc":{"start":{"line":7,"column":64},"end":{"line":30,"column":1}},"line":7},"1":{"name":"(anonymous_1)","decl":{"start":{"line":8,"column":25},"end":{"line":8,"column":26}},"loc":{"start":{"line":8,"column":43},"end":{"line":16,"column":3}},"line":8}},"branchMap":{"0":{"loc":{"start":{"line":13,"column":4},"end":{"line":15,"column":5}},"type":"if","locations":[{"start":{"line":13,"column":4},"end":{"line":15,"column":5}},{"start":{"line":13,"column":4},"end":{"line":15,"column":5}}],"line":13}},"s":{"0":0,"1":0,"2":0,"3":0,"4":0,"5":0,"6":0,"7":0},"f":{"0":0,"1":0},"b":{"0":[0,0]},"hash":"0590ed7292ffcf89cfd303c71a54b67b47bbcfb5"}
,"/Users/boutrosbekhit/Documents/MyFace/client/src/components/Auth/Login.js": {"path":"/Users/boutrosbekhit/Documents/MyFace/client/src/components/Auth/Login.js","statementMap":{"0":{"start":{"line":18,"column":18},"end":{"line":64,"column":3}},"1":{"start":{"line":18,"column":39},"end":{"line":64,"column":1}},"2":{"start":{"line":66,"column":21},"end":{"line":86,"column":14}},"3":{"start":{"line":66,"column":42},"end":{"line":86,"column":1}},"4":{"start":{"line":88,"column":14},"end":{"line":302,"column":1}},"5":{"start":{"line":89,"column":30},"end":{"line":92,"column":4}},"6":{"start":{"line":93,"column":30},"end":{"line":96,"column":4}},"7":{"start":{"line":97,"column":38},"end":{"line":97,"column":53}},"8":{"start":{"line":98,"column":32},"end":{"line":98,"column":47}},"9":{"start":{"line":99,"column":30},"end":{"line":99,"column":36}},"10":{"start":{"line":100,"column":40},"end":{"line":100,"column":46}},"11":{"start":{"line":101,"column":18},"end":{"line":101,"column":29}},"12":{"start":{"line":102,"column":16},"end":{"line":102,"column":26}},"13":{"start":{"line":103,"column":20},"end":{"line":103,"column":63}},"14":{"start":{"line":105,"column":19},"end":{"line":137,"column":3}},"15":{"start":{"line":108,"column":4},"end":{"line":136,"column":5}},"16":{"start":{"line":110,"column":8},"end":{"line":110,"column":60}},"17":{"start":{"line":111,"column":8},"end":{"line":113,"column":10}},"18":{"start":{"line":115,"column":8},"end":{"line":119,"column":9}},"19":{"start":{"line":116,"column":10},"end":{"line":116,"column":64}},"20":{"start":{"line":118,"column":10},"end":{"line":118,"column":51}},"21":{"start":{"line":120,"column":8},"end":{"line":120,"column":14}},"22":{"start":{"line":122,"column":8},"end":{"line":122,"column":63}},"23":{"start":{"line":123,"column":8},"end":{"line":123,"column":61}},"24":{"start":{"line":125,"column":8},"end":{"line":132,"column":9}},"25":{"start":{"line":126,"column":10},"end":{"line":129,"column":13}},"26":{"start":{"line":131,"column":10},"end":{"line":131,"column":54}},"27":{"start":{"line":133,"column":8},"end":{"line":133,"column":14}},"28":{"start":{"line":135,"column":8},"end":{"line":135,"column":14}},"29":{"start":{"line":139,"column":19},"end":{"line":154,"column":3}},"30":{"start":{"line":140,"column":4},"end":{"line":140,"column":23}},"31":{"start":{"line":141,"column":4},"end":{"line":141,"column":21}},"32":{"start":{"line":142,"column":17},"end":{"line":142,"column":36}},"33":{"start":{"line":143,"column":17},"end":{"line":143,"column":35}},"34":{"start":{"line":144,"column":4},"end":{"line":153,"column":5}},"35":{"start":{"line":145,"column":6},"end":{"line":148,"column":9}},"36":{"start":{"line":149,"column":6},"end":{"line":149,"column":24}},"37":{"start":{"line":150,"column":6},"end":{"line":150,"column":24}},"38":{"start":{"line":151,"column":11},"end":{"line":153,"column":5}},"39":{"start":{"line":152,"column":6},"end":{"line":152,"column":24}},"40":{"start":{"line":156,"column":26},"end":{"line":158,"column":3}},"41":{"start":{"line":157,"column":4},"end":{"line":157,"column":46}},"42":{"start":{"line":160,"column":25},"end":{"line":164,"column":3}},"43":{"start":{"line":161,"column":4},"end":{"line":163,"column":5}},"44":{"start":{"line":162,"column":6},"end":{"line":162,"column":26}},"45":{"start":{"line":166,"column":2},"end":{"line":168,"column":3}},"46":{"start":{"line":167,"column":4},"end":{"line":167,"column":31}},"47":{"start":{"line":170,"column":2},"end":{"line":301,"column":4}},"48":{"start":{"line":304,"column":24},"end":{"line":306,"column":2}},"49":{"start":{"line":304,"column":34},"end":{"line":306,"column":1}}},"fnMap":{"0":{"name":"(anonymous_0)","decl":{"start":{"line":18,"column":29},"end":{"line":18,"column":30}},"loc":{"start":{"line":18,"column":39},"end":{"line":64,"column":1}},"line":18},"1":{"name":"(anonymous_1)","decl":{"start":{"line":66,"column":32},"end":{"line":66,"column":33}},"loc":{"start":{"line":66,"column":42},"end":{"line":86,"column":1}},"line":66},"2":{"name":"(anonymous_2)","decl":{"start":{"line":88,"column":14},"end":{"line":88,"column":15}},"loc":{"start":{"line":88,"column":56},"end":{"line":302,"column":1}},"line":88},"3":{"name":"(anonymous_3)","decl":{"start":{"line":105,"column":19},"end":{"line":105,"column":20}},"loc":{"start":{"line":105,"column":28},"end":{"line":137,"column":3}},"line":105},"4":{"name":"(anonymous_4)","decl":{"start":{"line":139,"column":19},"end":{"line":139,"column":20}},"loc":{"start":{"line":139,"column":30},"end":{"line":154,"column":3}},"line":139},"5":{"name":"(anonymous_5)","decl":{"start":{"line":156,"column":26},"end":{"line":156,"column":27}},"loc":{"start":{"line":156,"column":32},"end":{"line":158,"column":3}},"line":156},"6":{"name":"(anonymous_6)","decl":{"start":{"line":160,"column":25},"end":{"line":160,"column":26}},"loc":{"start":{"line":160,"column":37},"end":{"line":164,"column":3}},"line":160},"7":{"name":"(anonymous_7)","decl":{"start":{"line":304,"column":24},"end":{"line":304,"column":25}},"loc":{"start":{"line":304,"column":34},"end":{"line":306,"column":1}},"line":304}},"branchMap":{"0":{"loc":{"start":{"line":108,"column":4},"end":{"line":136,"column":5}},"type":"switch","locations":[{"start":{"line":109,"column":6},"end":{"line":120,"column":14}},{"start":{"line":121,"column":6},"end":{"line":133,"column":14}},{"start":{"line":134,"column":6},"end":{"line":135,"column":14}}],"line":108},"1":{"loc":{"start":{"line":115,"column":8},"end":{"line":119,"column":9}},"type":"if","locations":[{"start":{"line":115,"column":8},"end":{"line":119,"column":9}},{"start":{"line":115,"column":8},"end":{"line":119,"column":9}}],"line":115},"2":{"loc":{"start":{"line":125,"column":8},"end":{"line":132,"column":9}},"type":"if","locations":[{"start":{"line":125,"column":8},"end":{"line":132,"column":9}},{"start":{"line":125,"column":8},"end":{"line":132,"column":9}}],"line":125},"3":{"loc":{"start":{"line":144,"column":4},"end":{"line":153,"column":5}},"type":"if","locations":[{"start":{"line":144,"column":4},"end":{"line":153,"column":5}},{"start":{"line":144,"column":4},"end":{"line":153,"column":5}}],"line":144},"4":{"loc":{"start":{"line":151,"column":11},"end":{"line":153,"column":5}},"type":"if","locations":[{"start":{"line":151,"column":11},"end":{"line":153,"column":5}},{"start":{"line":151,"column":11},"end":{"line":153,"column":5}}],"line":151},"5":{"loc":{"start":{"line":161,"column":4},"end":{"line":163,"column":5}},"type":"if","locations":[{"start":{"line":161,"column":4},"end":{"line":163,"column":5}},{"start":{"line":161,"column":4},"end":{"line":163,"column":5}}],"line":161},"6":{"loc":{"start":{"line":166,"column":2},"end":{"line":168,"column":3}},"type":"if","locations":[{"start":{"line":166,"column":2},"end":{"line":168,"column":3}},{"start":{"line":166,"column":2},"end":{"line":168,"column":3}}],"line":166},"7":{"loc":{"start":{"line":172,"column":7},"end":{"line":299,"column":7}},"type":"cond-expr","locations":[{"start":{"line":173,"column":8},"end":{"line":173,"column":19}},{"start":{"line":175,"column":8},"end":{"line":298,"column":11}}],"line":172},"8":{"loc":{"start":{"line":263,"column":28},"end":{"line":263,"column":57}},"type":"cond-expr","locations":[{"start":{"line":263,"column":40},"end":{"line":263,"column":47}},{"start":{"line":263,"column":50},"end":{"line":263,"column":57}}],"line":263},"9":{"loc":{"start":{"line":267,"column":24},"end":{"line":267,"column":78}},"type":"binary-expr","locations":[{"start":{"line":267,"column":24},"end":{"line":267,"column":36}},{"start":{"line":267,"column":40},"end":{"line":267,"column":46}},{"start":{"line":267,"column":50},"end":{"line":267,"column":65}},{"start":{"line":267,"column":69},"end":{"line":267,"column":78}}],"line":267}},"s":{"0":0,"1":0,"2":0,"3":0,"4":0,"5":0,"6":0,"7":0,"8":0,"9":0,"10":0,"11":0,"12":0,"13":0,"14":0,"15":0,"16":0,"17":0,"18":0,"19":0,"20":0,"21":0,"22":0,"23":0,"24":0,"25":0,"26":0,"27":0,"28":0,"29":0,"30":0,"31":0,"32":0,"33":0,"34":0,"35":0,"36":0,"37":0,"38":0,"39":0,"40":0,"41":0,"42":0,"43":0,"44":0,"45":0,"46":0,"47":0,"48":0,"49":0},"f":{"0":0,"1":0,"2":0,"3":0,"4":0,"5":0,"6":0,"7":0},"b":{"0":[0,0,0],"1":[0,0],"2":[0,0],"3":[0,0],"4":[0,0],"5":[0,0],"6":[0,0],"7":[0,0],"8":[0,0],"9":[0,0,0,0]},"hash":"7067c529fe2f2223db417ec7fd3dc576e2259009"}
,"/Users/boutrosbekhit/Documents/MyFace/client/src/components/Auth/NewPassword.js": {"path":"/Users/boutrosbekhit/Documents/MyFace/client/src/components/Auth/NewPassword.js","statementMap":{"0":{"start":{"line":11,"column":21},"end":{"line":31,"column":14}},"1":{"start":{"line":11,"column":42},"end":{"line":31,"column":1}},"2":{"start":{"line":33,"column":18},"end":{"line":58,"column":3}},"3":{"start":{"line":33,"column":39},"end":{"line":58,"column":1}},"4":{"start":{"line":60,"column":20},"end":{"line":157,"column":1}},"5":{"start":{"line":67,"column":34},"end":{"line":67,"column":46}},"6":{"start":{"line":68,"column":44},"end":{"line":68,"column":56}},"7":{"start":{"line":69,"column":18},"end":{"line":69,"column":29}},"8":{"start":{"line":70,"column":16},"end":{"line":70,"column":26}},"9":{"start":{"line":71,"column":20},"end":{"line":71,"column":63}},"10":{"start":{"line":73,"column":19},"end":{"line":90,"column":3}},"11":{"start":{"line":76,"column":4},"end":{"line":89,"column":5}},"12":{"start":{"line":78,"column":8},"end":{"line":78,"column":40}},"13":{"start":{"line":79,"column":8},"end":{"line":79,"column":61}},"14":{"start":{"line":81,"column":8},"end":{"line":85,"column":9}},"15":{"start":{"line":82,"column":10},"end":{"line":82,"column":52}},"16":{"start":{"line":84,"column":10},"end":{"line":84,"column":31}},"17":{"start":{"line":86,"column":8},"end":{"line":86,"column":14}},"18":{"start":{"line":88,"column":8},"end":{"line":88,"column":14}},"19":{"start":{"line":92,"column":19},"end":{"line":102,"column":3}},"20":{"start":{"line":93,"column":4},"end":{"line":93,"column":23}},"21":{"start":{"line":94,"column":17},"end":{"line":97,"column":5}},"22":{"start":{"line":98,"column":17},"end":{"line":98,"column":42}},"23":{"start":{"line":99,"column":4},"end":{"line":101,"column":5}},"24":{"start":{"line":100,"column":6},"end":{"line":100,"column":29}},"25":{"start":{"line":104,"column":2},"end":{"line":156,"column":4}}},"fnMap":{"0":{"name":"(anonymous_0)","decl":{"start":{"line":11,"column":32},"end":{"line":11,"column":33}},"loc":{"start":{"line":11,"column":42},"end":{"line":31,"column":1}},"line":11},"1":{"name":"(anonymous_1)","decl":{"start":{"line":33,"column":29},"end":{"line":33,"column":30}},"loc":{"start":{"line":33,"column":39},"end":{"line":58,"column":1}},"line":33},"2":{"name":"(anonymous_2)","decl":{"start":{"line":60,"column":20},"end":{"line":60,"column":21}},"loc":{"start":{"line":66,"column":6},"end":{"line":157,"column":1}},"line":66},"3":{"name":"(anonymous_3)","decl":{"start":{"line":73,"column":19},"end":{"line":73,"column":20}},"loc":{"start":{"line":73,"column":28},"end":{"line":90,"column":3}},"line":73},"4":{"name":"(anonymous_4)","decl":{"start":{"line":92,"column":19},"end":{"line":92,"column":20}},"loc":{"start":{"line":92,"column":30},"end":{"line":102,"column":3}},"line":92}},"branchMap":{"0":{"loc":{"start":{"line":76,"column":4},"end":{"line":89,"column":5}},"type":"switch","locations":[{"start":{"line":77,"column":6},"end":{"line":86,"column":14}},{"start":{"line":87,"column":6},"end":{"line":88,"column":14}}],"line":76},"1":{"loc":{"start":{"line":81,"column":8},"end":{"line":85,"column":9}},"type":"if","locations":[{"start":{"line":81,"column":8},"end":{"line":85,"column":9}},{"start":{"line":81,"column":8},"end":{"line":85,"column":9}}],"line":81},"2":{"loc":{"start":{"line":99,"column":4},"end":{"line":101,"column":5}},"type":"if","locations":[{"start":{"line":99,"column":4},"end":{"line":101,"column":5}},{"start":{"line":99,"column":4},"end":{"line":101,"column":5}}],"line":99},"3":{"loc":{"start":{"line":147,"column":16},"end":{"line":147,"column":45}},"type":"cond-expr","locations":[{"start":{"line":147,"column":28},"end":{"line":147,"column":35}},{"start":{"line":147,"column":38},"end":{"line":147,"column":45}}],"line":147},"4":{"loc":{"start":{"line":150,"column":20},"end":{"line":150,"column":48}},"type":"binary-expr","locations":[{"start":{"line":150,"column":20},"end":{"line":150,"column":35}},{"start":{"line":150,"column":39},"end":{"line":150,"column":48}}],"line":150}},"s":{"0":0,"1":0,"2":0,"3":0,"4":0,"5":0,"6":0,"7":0,"8":0,"9":0,"10":0,"11":0,"12":0,"13":0,"14":0,"15":0,"16":0,"17":0,"18":0,"19":0,"20":0,"21":0,"22":0,"23":0,"24":0,"25":0},"f":{"0":0,"1":0,"2":0,"3":0,"4":0},"b":{"0":[0,0],"1":[0,0],"2":[0,0],"3":[0,0],"4":[0,0]},"hash":"f9b782ce3083a425d896531ce5c44d0d52deb611"}
,"/Users/boutrosbekhit/Documents/MyFace/client/src/components/Auth/ResetPassword.js": {"path":"/Users/boutrosbekhit/Documents/MyFace/client/src/components/Auth/ResetPassword.js","statementMap":{"0":{"start":{"line":11,"column":21},"end":{"line":31,"column":14}},"1":{"start":{"line":11,"column":42},"end":{"line":31,"column":1}},"2":{"start":{"line":33,"column":18},"end":{"line":58,"column":3}},"3":{"start":{"line":33,"column":39},"end":{"line":58,"column":1}},"4":{"start":{"line":60,"column":22},"end":{"line":150,"column":1}},"5":{"start":{"line":61,"column":28},"end":{"line":61,"column":40}},"6":{"start":{"line":62,"column":38},"end":{"line":62,"column":50}},"7":{"start":{"line":63,"column":18},"end":{"line":63,"column":29}},"8":{"start":{"line":64,"column":16},"end":{"line":64,"column":26}},"9":{"start":{"line":65,"column":20},"end":{"line":65,"column":63}},"10":{"start":{"line":67,"column":19},"end":{"line":86,"column":3}},"11":{"start":{"line":70,"column":4},"end":{"line":85,"column":5}},"12":{"start":{"line":72,"column":8},"end":{"line":72,"column":37}},"13":{"start":{"line":73,"column":8},"end":{"line":75,"column":10}},"14":{"start":{"line":77,"column":8},"end":{"line":81,"column":9}},"15":{"start":{"line":78,"column":10},"end":{"line":78,"column":41}},"16":{"start":{"line":80,"column":10},"end":{"line":80,"column":28}},"17":{"start":{"line":82,"column":8},"end":{"line":82,"column":14}},"18":{"start":{"line":84,"column":8},"end":{"line":84,"column":14}},"19":{"start":{"line":88,"column":19},"end":{"line":95,"column":3}},"20":{"start":{"line":89,"column":4},"end":{"line":89,"column":23}},"21":{"start":{"line":90,"column":17},"end":{"line":90,"column":48}},"22":{"start":{"line":91,"column":4},"end":{"line":94,"column":5}},"23":{"start":{"line":92,"column":6},"end":{"line":92,"column":19}},"24":{"start":{"line":93,"column":6},"end":{"line":93,"column":24}},"25":{"start":{"line":97,"column":2},"end":{"line":149,"column":4}}},"fnMap":{"0":{"name":"(anonymous_0)","decl":{"start":{"line":11,"column":32},"end":{"line":11,"column":33}},"loc":{"start":{"line":11,"column":42},"end":{"line":31,"column":1}},"line":11},"1":{"name":"(anonymous_1)","decl":{"start":{"line":33,"column":29},"end":{"line":33,"column":30}},"loc":{"start":{"line":33,"column":39},"end":{"line":58,"column":1}},"line":33},"2":{"name":"(anonymous_2)","decl":{"start":{"line":60,"column":22},"end":{"line":60,"column":23}},"loc":{"start":{"line":60,"column":55},"end":{"line":150,"column":1}},"line":60},"3":{"name":"(anonymous_3)","decl":{"start":{"line":67,"column":19},"end":{"line":67,"column":20}},"loc":{"start":{"line":67,"column":28},"end":{"line":86,"column":3}},"line":67},"4":{"name":"(anonymous_4)","decl":{"start":{"line":88,"column":19},"end":{"line":88,"column":20}},"loc":{"start":{"line":88,"column":30},"end":{"line":95,"column":3}},"line":88}},"branchMap":{"0":{"loc":{"start":{"line":70,"column":4},"end":{"line":85,"column":5}},"type":"switch","locations":[{"start":{"line":71,"column":6},"end":{"line":82,"column":14}},{"start":{"line":83,"column":6},"end":{"line":84,"column":14}}],"line":70},"1":{"loc":{"start":{"line":77,"column":8},"end":{"line":81,"column":9}},"type":"if","locations":[{"start":{"line":77,"column":8},"end":{"line":81,"column":9}},{"start":{"line":77,"column":8},"end":{"line":81,"column":9}}],"line":77},"2":{"loc":{"start":{"line":91,"column":4},"end":{"line":94,"column":5}},"type":"if","locations":[{"start":{"line":91,"column":4},"end":{"line":94,"column":5}},{"start":{"line":91,"column":4},"end":{"line":94,"column":5}}],"line":91},"3":{"loc":{"start":{"line":140,"column":16},"end":{"line":140,"column":45}},"type":"cond-expr","locations":[{"start":{"line":140,"column":28},"end":{"line":140,"column":35}},{"start":{"line":140,"column":38},"end":{"line":140,"column":45}}],"line":140},"4":{"loc":{"start":{"line":143,"column":20},"end":{"line":143,"column":42}},"type":"binary-expr","locations":[{"start":{"line":143,"column":20},"end":{"line":143,"column":32}},{"start":{"line":143,"column":36},"end":{"line":143,"column":42}}],"line":143}},"s":{"0":0,"1":0,"2":0,"3":0,"4":0,"5":0,"6":0,"7":0,"8":0,"9":0,"10":0,"11":0,"12":0,"13":0,"14":0,"15":0,"16":0,"17":0,"18":0,"19":0,"20":0,"21":0,"22":0,"23":0,"24":0,"25":0},"f":{"0":0,"1":0,"2":0,"3":0,"4":0},"b":{"0":[0,0],"1":[0,0],"2":[0,0],"3":[0,0],"4":[0,0]},"hash":"7c8f7af6caefbdda9ba6392571bb858a2c1c0f37"}
,"/Users/boutrosbekhit/Documents/MyFace/client/src/components/Auth/Signup.js": {"path":"/Users/boutrosbekhit/Documents/MyFace/client/src/components/Auth/Signup.js","statementMap":{"0":{"start":{"line":16,"column":18},"end":{"line":62,"column":3}},"1":{"start":{"line":16,"column":39},"end":{"line":62,"column":1}},"2":{"start":{"line":64,"column":21},"end":{"line":84,"column":14}},"3":{"start":{"line":64,"column":42},"end":{"line":84,"column":1}},"4":{"start":{"line":86,"column":15},"end":{"line":299,"column":1}},"5":{"start":{"line":87,"column":30},"end":{"line":91,"column":4}},"6":{"start":{"line":92,"column":30},"end":{"line":96,"column":4}},"7":{"start":{"line":97,"column":32},"end":{"line":97,"column":47}},"8":{"start":{"line":98,"column":36},"end":{"line":98,"column":42}},"9":{"start":{"line":99,"column":51},"end":{"line":99,"column":57}},"10":{"start":{"line":100,"column":18},"end":{"line":100,"column":29}},"11":{"start":{"line":101,"column":16},"end":{"line":101,"column":26}},"12":{"start":{"line":102,"column":20},"end":{"line":102,"column":63}},"13":{"start":{"line":104,"column":19},"end":{"line":148,"column":3}},"14":{"start":{"line":107,"column":4},"end":{"line":147,"column":5}},"15":{"start":{"line":109,"column":8},"end":{"line":109,"column":60}},"16":{"start":{"line":110,"column":8},"end":{"line":112,"column":10}},"17":{"start":{"line":113,"column":8},"end":{"line":117,"column":9}},"18":{"start":{"line":114,"column":10},"end":{"line":114,"column":64}},"19":{"start":{"line":116,"column":10},"end":{"line":116,"column":51}},"20":{"start":{"line":118,"column":8},"end":{"line":118,"column":14}},"21":{"start":{"line":120,"column":8},"end":{"line":120,"column":59}},"22":{"start":{"line":121,"column":8},"end":{"line":121,"column":61}},"23":{"start":{"line":123,"column":8},"end":{"line":130,"column":9}},"24":{"start":{"line":124,"column":10},"end":{"line":127,"column":13}},"25":{"start":{"line":129,"column":10},"end":{"line":129,"column":50}},"26":{"start":{"line":131,"column":8},"end":{"line":131,"column":14}},"27":{"start":{"line":133,"column":8},"end":{"line":133,"column":63}},"28":{"start":{"line":134,"column":8},"end":{"line":134,"column":61}},"29":{"start":{"line":136,"column":8},"end":{"line":143,"column":9}},"30":{"start":{"line":137,"column":10},"end":{"line":140,"column":13}},"31":{"start":{"line":142,"column":10},"end":{"line":142,"column":54}},"32":{"start":{"line":144,"column":8},"end":{"line":144,"column":14}},"33":{"start":{"line":146,"column":8},"end":{"line":146,"column":14}},"34":{"start":{"line":150,"column":19},"end":{"line":161,"column":3}},"35":{"start":{"line":151,"column":4},"end":{"line":151,"column":23}},"36":{"start":{"line":152,"column":4},"end":{"line":152,"column":21}},"37":{"start":{"line":153,"column":17},"end":{"line":153,"column":42}},"38":{"start":{"line":154,"column":4},"end":{"line":154,"column":26}},"39":{"start":{"line":155,"column":4},"end":{"line":159,"column":7}},"40":{"start":{"line":160,"column":4},"end":{"line":160,"column":22}},"41":{"start":{"line":163,"column":2},"end":{"line":165,"column":3}},"42":{"start":{"line":164,"column":4},"end":{"line":164,"column":40}},"43":{"start":{"line":167,"column":2},"end":{"line":298,"column":4}},"44":{"start":{"line":301,"column":24},"end":{"line":303,"column":2}},"45":{"start":{"line":301,"column":34},"end":{"line":303,"column":1}}},"fnMap":{"0":{"name":"(anonymous_0)","decl":{"start":{"line":16,"column":29},"end":{"line":16,"column":30}},"loc":{"start":{"line":16,"column":39},"end":{"line":62,"column":1}},"line":16},"1":{"name":"(anonymous_1)","decl":{"start":{"line":64,"column":32},"end":{"line":64,"column":33}},"loc":{"start":{"line":64,"column":42},"end":{"line":84,"column":1}},"line":64},"2":{"name":"(anonymous_2)","decl":{"start":{"line":86,"column":15},"end":{"line":86,"column":16}},"loc":{"start":{"line":86,"column":51},"end":{"line":299,"column":1}},"line":86},"3":{"name":"(anonymous_3)","decl":{"start":{"line":104,"column":19},"end":{"line":104,"column":20}},"loc":{"start":{"line":104,"column":28},"end":{"line":148,"column":3}},"line":104},"4":{"name":"(anonymous_4)","decl":{"start":{"line":150,"column":19},"end":{"line":150,"column":20}},"loc":{"start":{"line":150,"column":30},"end":{"line":161,"column":3}},"line":150},"5":{"name":"(anonymous_5)","decl":{"start":{"line":301,"column":24},"end":{"line":301,"column":25}},"loc":{"start":{"line":301,"column":34},"end":{"line":303,"column":1}},"line":301}},"branchMap":{"0":{"loc":{"start":{"line":107,"column":4},"end":{"line":147,"column":5}},"type":"switch","locations":[{"start":{"line":108,"column":6},"end":{"line":118,"column":14}},{"start":{"line":119,"column":6},"end":{"line":131,"column":14}},{"start":{"line":132,"column":6},"end":{"line":144,"column":14}},{"start":{"line":145,"column":6},"end":{"line":146,"column":14}}],"line":107},"1":{"loc":{"start":{"line":113,"column":8},"end":{"line":117,"column":9}},"type":"if","locations":[{"start":{"line":113,"column":8},"end":{"line":117,"column":9}},{"start":{"line":113,"column":8},"end":{"line":117,"column":9}}],"line":113},"2":{"loc":{"start":{"line":123,"column":8},"end":{"line":130,"column":9}},"type":"if","locations":[{"start":{"line":123,"column":8},"end":{"line":130,"column":9}},{"start":{"line":123,"column":8},"end":{"line":130,"column":9}}],"line":123},"3":{"loc":{"start":{"line":136,"column":8},"end":{"line":143,"column":9}},"type":"if","locations":[{"start":{"line":136,"column":8},"end":{"line":143,"column":9}},{"start":{"line":136,"column":8},"end":{"line":143,"column":9}}],"line":136},"4":{"loc":{"start":{"line":163,"column":2},"end":{"line":165,"column":3}},"type":"if","locations":[{"start":{"line":163,"column":2},"end":{"line":165,"column":3}},{"start":{"line":163,"column":2},"end":{"line":165,"column":3}}],"line":163},"5":{"loc":{"start":{"line":169,"column":7},"end":{"line":296,"column":7}},"type":"cond-expr","locations":[{"start":{"line":170,"column":8},"end":{"line":170,"column":19}},{"start":{"line":172,"column":8},"end":{"line":295,"column":11}}],"line":169},"6":{"loc":{"start":{"line":257,"column":26},"end":{"line":257,"column":55}},"type":"cond-expr","locations":[{"start":{"line":257,"column":38},"end":{"line":257,"column":45}},{"start":{"line":257,"column":48},"end":{"line":257,"column":55}}],"line":257},"7":{"loc":{"start":{"line":261,"column":22},"end":{"line":266,"column":31}},"type":"binary-expr","locations":[{"start":{"line":261,"column":22},"end":{"line":261,"column":33}},{"start":{"line":262,"column":22},"end":{"line":262,"column":27}},{"start":{"line":263,"column":22},"end":{"line":263,"column":34}},{"start":{"line":264,"column":22},"end":{"line":264,"column":28}},{"start":{"line":265,"column":22},"end":{"line":265,"column":37}},{"start":{"line":266,"column":22},"end":{"line":266,"column":31}}],"line":261}},"s":{"0":0,"1":0,"2":0,"3":0,"4":0,"5":0,"6":0,"7":0,"8":0,"9":0,"10":0,"11":0,"12":0,"13":0,"14":0,"15":0,"16":0,"17":0,"18":0,"19":0,"20":0,"21":0,"22":0,"23":0,"24":0,"25":0,"26":0,"27":0,"28":0,"29":0,"30":0,"31":0,"32":0,"33":0,"34":0,"35":0,"36":0,"37":0,"38":0,"39":0,"40":0,"41":0,"42":0,"43":0,"44":0,"45":0},"f":{"0":0,"1":0,"2":0,"3":0,"4":0,"5":0},"b":{"0":[0,0,0,0],"1":[0,0],"2":[0,0],"3":[0,0],"4":[0,0],"5":[0,0],"6":[0,0],"7":[0,0,0,0,0,0]},"hash":"de243be763a28a948c1d7f3729413f6b0252900a"}
,"/Users/boutrosbekhit/Documents/MyFace/client/src/components/Layout/Header.js": {"path":"/Users/boutrosbekhit/Documents/MyFace/client/src/components/Layout/Header.js","statementMap":{"0":{"start":{"line":22,"column":24},"end":{"line":32,"column":1}},"1":{"start":{"line":23,"column":23},"end":{"line":23,"column":28}},"2":{"start":{"line":24,"column":18},"end":{"line":27,"column":4}},"3":{"start":{"line":29,"column":2},"end":{"line":31,"column":5}},"4":{"start":{"line":34,"column":18},"end":{"line":124,"column":3}},"5":{"start":{"line":34,"column":39},"end":{"line":124,"column":1}},"6":{"start":{"line":126,"column":15},"end":{"line":344,"column":1}},"7":{"start":{"line":127,"column":38},"end":{"line":127,"column":53}},"8":{"start":{"line":128,"column":18},"end":{"line":128,"column":34}},"9":{"start":{"line":129,"column":16},"end":{"line":129,"column":26}},"10":{"start":{"line":130,"column":14},"end":{"line":130,"column":77}},"11":{"start":{"line":131,"column":18},"end":{"line":131,"column":61}},"12":{"start":{"line":133,"column":17},"end":{"line":137,"column":3}},"13":{"start":{"line":139,"column":23},"end":{"line":141,"column":3}},"14":{"start":{"line":140,"column":4},"end":{"line":140,"column":29}},"15":{"start":{"line":143,"column":2},"end":{"line":161,"column":35}},"16":{"start":{"line":144,"column":4},"end":{"line":160,"column":7}},"17":{"start":{"line":145,"column":6},"end":{"line":159,"column":7}},"18":{"start":{"line":147,"column":10},"end":{"line":155,"column":11}},"19":{"start":{"line":148,"column":12},"end":{"line":148,"column":46}},"20":{"start":{"line":149,"column":12},"end":{"line":154,"column":13}},"21":{"start":{"line":153,"column":14},"end":{"line":153,"column":58}},"22":{"start":{"line":156,"column":10},"end":{"line":156,"column":16}},"23":{"start":{"line":158,"column":10},"end":{"line":158,"column":16}},"24":{"start":{"line":163,"column":19},"end":{"line":182,"column":4}},"25":{"start":{"line":168,"column":4},"end":{"line":181,"column":6}},"26":{"start":{"line":175,"column":8},"end":{"line":179,"column":9}},"27":{"start":{"line":176,"column":10},"end":{"line":176,"column":26}},"28":{"start":{"line":178,"column":10},"end":{"line":178,"column":17}},"29":{"start":{"line":184,"column":22},"end":{"line":195,"column":4}},"30":{"start":{"line":188,"column":4},"end":{"line":194,"column":6}},"31":{"start":{"line":197,"column":4},"end":{"line":219,"column":7}},"32":{"start":{"line":223,"column":4},"end":{"line":321,"column":7}},"33":{"start":{"line":228,"column":23},"end":{"line":228,"column":43}},"34":{"start":{"line":229,"column":22},"end":{"line":229,"column":41}},"35":{"start":{"line":235,"column":12},"end":{"line":254,"column":23}},"36":{"start":{"line":244,"column":16},"end":{"line":244,"column":37}},"37":{"start":{"line":245,"column":16},"end":{"line":245,"column":50}},"38":{"start":{"line":246,"column":16},"end":{"line":248,"column":17}},"39":{"start":{"line":247,"column":18},"end":{"line":247,"column":69}},"40":{"start":{"line":263,"column":14},"end":{"line":289,"column":25}},"41":{"start":{"line":267,"column":18},"end":{"line":269,"column":19}},"42":{"start":{"line":268,"column":20},"end":{"line":268,"column":36}},"43":{"start":{"line":270,"column":18},"end":{"line":270,"column":39}},"44":{"start":{"line":271,"column":18},"end":{"line":271,"column":51}},"45":{"start":{"line":295,"column":14},"end":{"line":311,"column":25}},"46":{"start":{"line":304,"column":18},"end":{"line":304,"column":39}},"47":{"start":{"line":305,"column":18},"end":{"line":305,"column":52}},"48":{"start":{"line":315,"column":23},"end":{"line":315,"column":49}},"49":{"start":{"line":323,"column":2},"end":{"line":343,"column":4}},"50":{"start":{"line":332,"column":29},"end":{"line":332,"column":46}},"51":{"start":{"line":346,"column":24},"end":{"line":348,"column":2}},"52":{"start":{"line":346,"column":34},"end":{"line":348,"column":1}}},"fnMap":{"0":{"name":"(anonymous_0)","decl":{"start":{"line":22,"column":24},"end":{"line":22,"column":25}},"loc":{"start":{"line":22,"column":33},"end":{"line":32,"column":1}},"line":22},"1":{"name":"(anonymous_1)","decl":{"start":{"line":34,"column":29},"end":{"line":34,"column":30}},"loc":{"start":{"line":34,"column":39},"end":{"line":124,"column":1}},"line":34},"2":{"name":"(anonymous_2)","decl":{"start":{"line":126,"column":15},"end":{"line":126,"column":16}},"loc":{"start":{"line":126,"column":24},"end":{"line":344,"column":1}},"line":126},"3":{"name":"(anonymous_3)","decl":{"start":{"line":139,"column":23},"end":{"line":139,"column":24}},"loc":{"start":{"line":139,"column":44},"end":{"line":141,"column":3}},"line":139},"4":{"name":"(anonymous_4)","decl":{"start":{"line":143,"column":12},"end":{"line":143,"column":13}},"loc":{"start":{"line":143,"column":18},"end":{"line":161,"column":3}},"line":143},"5":{"name":"(anonymous_5)","decl":{"start":{"line":144,"column":24},"end":{"line":144,"column":25}},"loc":{"start":{"line":144,"column":33},"end":{"line":160,"column":5}},"line":144},"6":{"name":"(anonymous_6)","decl":{"start":{"line":167,"column":8},"end":{"line":167,"column":9}},"loc":{"start":{"line":168,"column":4},"end":{"line":181,"column":6}},"line":168},"7":{"name":"(anonymous_7)","decl":{"start":{"line":174,"column":15},"end":{"line":174,"column":16}},"loc":{"start":{"line":174,"column":21},"end":{"line":180,"column":7}},"line":174},"8":{"name":"(anonymous_8)","decl":{"start":{"line":187,"column":8},"end":{"line":187,"column":9}},"loc":{"start":{"line":188,"column":4},"end":{"line":194,"column":6}},"line":188},"9":{"name":"(anonymous_9)","decl":{"start":{"line":228,"column":17},"end":{"line":228,"column":18}},"loc":{"start":{"line":228,"column":23},"end":{"line":228,"column":43}},"line":228},"10":{"name":"(anonymous_10)","decl":{"start":{"line":229,"column":16},"end":{"line":229,"column":17}},"loc":{"start":{"line":229,"column":22},"end":{"line":229,"column":41}},"line":229},"11":{"name":"(anonymous_11)","decl":{"start":{"line":234,"column":22},"end":{"line":234,"column":23}},"loc":{"start":{"line":235,"column":12},"end":{"line":254,"column":23}},"line":235},"12":{"name":"(anonymous_12)","decl":{"start":{"line":243,"column":23},"end":{"line":243,"column":24}},"loc":{"start":{"line":243,"column":29},"end":{"line":249,"column":15}},"line":243},"13":{"name":"(anonymous_13)","decl":{"start":{"line":262,"column":18},"end":{"line":262,"column":19}},"loc":{"start":{"line":263,"column":14},"end":{"line":289,"column":25}},"line":263},"14":{"name":"(anonymous_14)","decl":{"start":{"line":266,"column":25},"end":{"line":266,"column":26}},"loc":{"start":{"line":266,"column":31},"end":{"line":272,"column":17}},"line":266},"15":{"name":"(anonymous_15)","decl":{"start":{"line":294,"column":18},"end":{"line":294,"column":19}},"loc":{"start":{"line":295,"column":14},"end":{"line":311,"column":25}},"line":295},"16":{"name":"(anonymous_16)","decl":{"start":{"line":303,"column":25},"end":{"line":303,"column":26}},"loc":{"start":{"line":303,"column":31},"end":{"line":306,"column":17}},"line":303},"17":{"name":"(anonymous_17)","decl":{"start":{"line":315,"column":17},"end":{"line":315,"column":18}},"loc":{"start":{"line":315,"column":23},"end":{"line":315,"column":49}},"line":315},"18":{"name":"(anonymous_18)","decl":{"start":{"line":332,"column":23},"end":{"line":332,"column":24}},"loc":{"start":{"line":332,"column":29},"end":{"line":332,"column":46}},"line":332},"19":{"name":"(anonymous_19)","decl":{"start":{"line":346,"column":24},"end":{"line":346,"column":25}},"loc":{"start":{"line":346,"column":34},"end":{"line":348,"column":1}},"line":346}},"branchMap":{"0":{"loc":{"start":{"line":30,"column":15},"end":{"line":30,"column":30}},"type":"cond-expr","locations":[{"start":{"line":30,"column":25},"end":{"line":30,"column":26}},{"start":{"line":30,"column":29},"end":{"line":30,"column":30}}],"line":30},"1":{"loc":{"start":{"line":130,"column":14},"end":{"line":130,"column":77}},"type":"binary-expr","locations":[{"start":{"line":130,"column":14},"end":{"line":130,"column":29}},{"start":{"line":130,"column":33},"end":{"line":130,"column":77}}],"line":130},"2":{"loc":{"start":{"line":145,"column":6},"end":{"line":159,"column":7}},"type":"switch","locations":[{"start":{"line":146,"column":8},"end":{"line":156,"column":16}},{"start":{"line":157,"column":8},"end":{"line":158,"column":16}}],"line":145},"3":{"loc":{"start":{"line":147,"column":10},"end":{"line":155,"column":11}},"type":"if","locations":[{"start":{"line":147,"column":10},"end":{"line":155,"column":11}},{"start":{"line":147,"column":10},"end":{"line":155,"column":11}}],"line":147},"4":{"loc":{"start":{"line":149,"column":12},"end":{"line":154,"column":13}},"type":"if","locations":[{"start":{"line":149,"column":12},"end":{"line":154,"column":13}},{"start":{"line":149,"column":12},"end":{"line":154,"column":13}}],"line":149},"5":{"loc":{"start":{"line":150,"column":14},"end":{"line":151,"column":57}},"type":"binary-expr","locations":[{"start":{"line":150,"column":14},"end":{"line":150,"column":33}},{"start":{"line":151,"column":14},"end":{"line":151,"column":57}}],"line":150},"6":{"loc":{"start":{"line":175,"column":8},"end":{"line":179,"column":9}},"type":"if","locations":[{"start":{"line":175,"column":8},"end":{"line":179,"column":9}},{"start":{"line":175,"column":8},"end":{"line":179,"column":9}}],"line":175},"7":{"loc":{"start":{"line":217,"column":9},"end":{"line":217,"column":60}},"type":"cond-expr","locations":[{"start":{"line":217,"column":38},"end":{"line":217,"column":46}},{"start":{"line":217,"column":49},"end":{"line":217,"column":60}}],"line":217},"8":{"loc":{"start":{"line":246,"column":16},"end":{"line":248,"column":17}},"type":"if","locations":[{"start":{"line":246,"column":16},"end":{"line":248,"column":17}},{"start":{"line":246,"column":16},"end":{"line":248,"column":17}}],"line":246},"9":{"loc":{"start":{"line":246,"column":20},"end":{"line":246,"column":72}},"type":"binary-expr","locations":[{"start":{"line":246,"column":20},"end":{"line":246,"column":41}},{"start":{"line":246,"column":45},"end":{"line":246,"column":72}}],"line":246},"10":{"loc":{"start":{"line":257,"column":9},"end":{"line":312,"column":14}},"type":"cond-expr","locations":[{"start":{"line":258,"column":12},"end":{"line":290,"column":14}},{"start":{"line":291,"column":12},"end":{"line":312,"column":14}}],"line":257},"11":{"loc":{"start":{"line":267,"column":18},"end":{"line":269,"column":19}},"type":"if","locations":[{"start":{"line":267,"column":18},"end":{"line":269,"column":19}},{"start":{"line":267,"column":18},"end":{"line":269,"column":19}}],"line":267},"12":{"loc":{"start":{"line":283,"column":27},"end":{"line":283,"column":67}},"type":"cond-expr","locations":[{"start":{"line":283,"column":52},"end":{"line":283,"column":57}},{"start":{"line":283,"column":60},"end":{"line":283,"column":67}}],"line":283},"13":{"loc":{"start":{"line":337,"column":13},"end":{"line":337,"column":36}},"type":"cond-expr","locations":[{"start":{"line":337,"column":23},"end":{"line":337,"column":29}},{"start":{"line":337,"column":32},"end":{"line":337,"column":36}}],"line":337}},"s":{"0":0,"1":0,"2":0,"3":0,"4":0,"5":0,"6":0,"7":0,"8":0,"9":0,"10":0,"11":0,"12":0,"13":0,"14":0,"15":0,"16":0,"17":0,"18":0,"19":0,"20":0,"21":0,"22":0,"23":0,"24":0,"25":0,"26":0,"27":0,"28":0,"29":0,"30":0,"31":0,"32":0,"33":0,"34":0,"35":0,"36":0,"37":0,"38":0,"39":0,"40":0,"41":0,"42":0,"43":0,"44":0,"45":0,"46":0,"47":0,"48":0,"49":0,"50":0,"51":0,"52":0},"f":{"0":0,"1":0,"2":0,"3":0,"4":0,"5":0,"6":0,"7":0,"8":0,"9":0,"10":0,"11":0,"12":0,"13":0,"14":0,"15":0,"16":0,"17":0,"18":0,"19":0},"b":{"0":[0,0],"1":[0,0],"2":[0,0],"3":[0,0],"4":[0,0],"5":[0,0],"6":[0,0],"7":[0,0],"8":[0,0],"9":[0,0],"10":[0,0],"11":[0,0],"12":[0,0],"13":[0,0]},"hash":"aff6dd8c9c3161d07de34cde6feff8b1ff41a51d"}
,"/Users/boutrosbekhit/Documents/MyFace/client/src/components/Layout/Landing.js": {"path":"/Users/boutrosbekhit/Documents/MyFace/client/src/components/Layout/Landing.js","statementMap":{"0":{"start":{"line":6,"column":16},"end":{"line":33,"column":1}},"1":{"start":{"line":7,"column":2},"end":{"line":32,"column":4}}},"fnMap":{"0":{"name":"(anonymous_0)","decl":{"start":{"line":6,"column":16},"end":{"line":6,"column":17}},"loc":{"start":{"line":6,"column":22},"end":{"line":33,"column":1}},"line":6}},"branchMap":{},"s":{"0":1,"1":1},"f":{"0":1},"b":{},"_coverageSchema":"43e27e138ebf9cfc5966b082cf9a028302ed4184","hash":"0b9ab47a79fe46873857c636d395f95d81bd81c7"}
,"/Users/boutrosbekhit/Documents/MyFace/client/src/components/Modal/ConfirmModal.js": {"path":"/Users/boutrosbekhit/Documents/MyFace/client/src/components/Modal/ConfirmModal.js","statementMap":{"0":{"start":{"line":12,"column":21},"end":{"line":61,"column":1}},"1":{"start":{"line":13,"column":26},"end":{"line":13,"column":48}},"2":{"start":{"line":15,"column":22},"end":{"line":17,"column":3}},"3":{"start":{"line":16,"column":4},"end":{"line":16,"column":19}},"4":{"start":{"line":19,"column":2},"end":{"line":60,"column":4}},"5":{"start":{"line":39,"column":14},"end":{"line":39,"column":28}},"6":{"start":{"line":40,"column":14},"end":{"line":40,"column":33}},"7":{"start":{"line":48,"column":14},"end":{"line":48,"column":28}},"8":{"start":{"line":49,"column":14},"end":{"line":49,"column":45}},"9":{"start":{"line":50,"column":14},"end":{"line":50,"column":33}}},"fnMap":{"0":{"name":"(anonymous_0)","decl":{"start":{"line":12,"column":21},"end":{"line":12,"column":22}},"loc":{"start":{"line":12,"column":30},"end":{"line":61,"column":1}},"line":12},"1":{"name":"(anonymous_1)","decl":{"start":{"line":15,"column":22},"end":{"line":15,"column":23}},"loc":{"start":{"line":15,"column":28},"end":{"line":17,"column":3}},"line":15},"2":{"name":"(anonymous_2)","decl":{"start":{"line":38,"column":21},"end":{"line":38,"column":22}},"loc":{"start":{"line":38,"column":27},"end":{"line":41,"column":13}},"line":38},"3":{"name":"(anonymous_3)","decl":{"start":{"line":47,"column":21},"end":{"line":47,"column":22}},"loc":{"start":{"line":47,"column":27},"end":{"line":51,"column":13}},"line":47}},"branchMap":{},"s":{"0":0,"1":0,"2":0,"3":0,"4":0,"5":0,"6":0,"7":0,"8":0,"9":0},"f":{"0":0,"1":0,"2":0,"3":0},"b":{},"hash":"0b7d17ecf88a42179d54859ee054faad6421aef9"}
,"/Users/boutrosbekhit/Documents/MyFace/client/src/components/Modal/ModalManager.js": {"path":"/Users/boutrosbekhit/Documents/MyFace/client/src/components/Modal/ModalManager.js","statementMap":{"0":{"start":{"line":5,"column":18},"end":{"line":7,"column":1}},"1":{"start":{"line":9,"column":21},"end":{"line":17,"column":1}},"2":{"start":{"line":11,"column":2},"end":{"line":15,"column":3}},"3":{"start":{"line":12,"column":38},"end":{"line":12,"column":50}},"4":{"start":{"line":13,"column":27},"end":{"line":13,"column":47}},"5":{"start":{"line":14,"column":4},"end":{"line":14,"column":55}},"6":{"start":{"line":16,"column":2},"end":{"line":16,"column":36}},"7":{"start":{"line":19,"column":24},"end":{"line":21,"column":2}},"8":{"start":{"line":19,"column":34},"end":{"line":21,"column":1}}},"fnMap":{"0":{"name":"(anonymous_0)","decl":{"start":{"line":9,"column":21},"end":{"line":9,"column":22}},"loc":{"start":{"line":9,"column":43},"end":{"line":17,"column":1}},"line":9},"1":{"name":"(anonymous_1)","decl":{"start":{"line":19,"column":24},"end":{"line":19,"column":25}},"loc":{"start":{"line":19,"column":34},"end":{"line":21,"column":1}},"line":19}},"branchMap":{"0":{"loc":{"start":{"line":11,"column":2},"end":{"line":15,"column":3}},"type":"if","locations":[{"start":{"line":11,"column":2},"end":{"line":15,"column":3}},{"start":{"line":11,"column":2},"end":{"line":15,"column":3}}],"line":11}},"s":{"0":0,"1":0,"2":0,"3":0,"4":0,"5":0,"6":0,"7":0,"8":0},"f":{"0":0,"1":0},"b":{"0":[0,0]},"hash":"8d104605d8562211c35cd3535d879eede79b4112"}
,"/Users/boutrosbekhit/Documents/MyFace/client/src/components/Post/AddPost.js": {"path":"/Users/boutrosbekhit/Documents/MyFace/client/src/components/Post/AddPost.js","statementMap":{"0":{"start":{"line":7,"column":16},"end":{"line":23,"column":1}},"1":{"start":{"line":8,"column":22},"end":{"line":13,"column":3}},"2":{"start":{"line":9,"column":17},"end":{"line":9,"column":39}},"3":{"start":{"line":10,"column":4},"end":{"line":12,"column":5}},"4":{"start":{"line":11,"column":6},"end":{"line":11,"column":29}},"5":{"start":{"line":15,"column":2},"end":{"line":17,"column":3}},"6":{"start":{"line":16,"column":4},"end":{"line":16,"column":36}},"7":{"start":{"line":18,"column":2},"end":{"line":22,"column":4}},"8":{"start":{"line":20,"column":34},"end":{"line":20,"column":51}},"9":{"start":{"line":25,"column":24},"end":{"line":27,"column":2}},"10":{"start":{"line":25,"column":34},"end":{"line":27,"column":1}}},"fnMap":{"0":{"name":"(anonymous_0)","decl":{"start":{"line":7,"column":16},"end":{"line":7,"column":17}},"loc":{"start":{"line":7,"column":72},"end":{"line":23,"column":1}},"line":7},"1":{"name":"(anonymous_1)","decl":{"start":{"line":8,"column":22},"end":{"line":8,"column":23}},"loc":{"start":{"line":8,"column":36},"end":{"line":13,"column":3}},"line":8},"2":{"name":"(anonymous_2)","decl":{"start":{"line":20,"column":26},"end":{"line":20,"column":27}},"loc":{"start":{"line":20,"column":34},"end":{"line":20,"column":51}},"line":20},"3":{"name":"(anonymous_3)","decl":{"start":{"line":25,"column":24},"end":{"line":25,"column":25}},"loc":{"start":{"line":25,"column":34},"end":{"line":27,"column":1}},"line":25}},"branchMap":{"0":{"loc":{"start":{"line":10,"column":4},"end":{"line":12,"column":5}},"type":"if","locations":[{"start":{"line":10,"column":4},"end":{"line":12,"column":5}},{"start":{"line":10,"column":4},"end":{"line":12,"column":5}}],"line":10},"1":{"loc":{"start":{"line":15,"column":2},"end":{"line":17,"column":3}},"type":"if","locations":[{"start":{"line":15,"column":2},"end":{"line":17,"column":3}},{"start":{"line":15,"column":2},"end":{"line":17,"column":3}}],"line":15}},"s":{"0":0,"1":0,"2":0,"3":0,"4":0,"5":0,"6":0,"7":0,"8":0,"9":0,"10":0},"f":{"0":0,"1":0,"2":0,"3":0},"b":{"0":[0,0],"1":[0,0]},"hash":"3b3729772e5b816734fea21c41b521cbb41c3426"}
,"/Users/boutrosbekhit/Documents/MyFace/client/src/components/Post/Comments.js": {"path":"/Users/boutrosbekhit/Documents/MyFace/client/src/components/Post/Comments.js","statementMap":{"0":{"start":{"line":23,"column":18},"end":{"line":56,"column":3}},"1":{"start":{"line":23,"column":39},"end":{"line":56,"column":1}},"2":{"start":{"line":58,"column":17},"end":{"line":205,"column":1}},"3":{"start":{"line":65,"column":32},"end":{"line":65,"column":44}},"4":{"start":{"line":66,"column":19},"end":{"line":68,"column":3}},"5":{"start":{"line":67,"column":4},"end":{"line":67,"column":31}},"6":{"start":{"line":69,"column":18},"end":{"line":69,"column":29}},"7":{"start":{"line":70,"column":2},"end":{"line":72,"column":17}},"8":{"start":{"line":71,"column":4},"end":{"line":71,"column":15}},"9":{"start":{"line":73,"column":2},"end":{"line":204,"column":4}},"10":{"start":{"line":125,"column":12},"end":{"line":125,"column":42}},"11":{"start":{"line":126,"column":12},"end":{"line":126,"column":27}},"12":{"start":{"line":136,"column":16},"end":{"line":198,"column":23}},"13":{"start":{"line":189,"column":45},"end":{"line":189,"column":78}},"14":{"start":{"line":207,"column":24},"end":{"line":210,"column":2}},"15":{"start":{"line":207,"column":43},"end":{"line":210,"column":1}},"16":{"start":{"line":208,"column":32},"end":{"line":208,"column":66}}},"fnMap":{"0":{"name":"(anonymous_0)","decl":{"start":{"line":23,"column":29},"end":{"line":23,"column":30}},"loc":{"start":{"line":23,"column":39},"end":{"line":56,"column":1}},"line":23},"1":{"name":"(anonymous_1)","decl":{"start":{"line":58,"column":17},"end":{"line":58,"column":18}},"loc":{"start":{"line":64,"column":6},"end":{"line":205,"column":1}},"line":64},"2":{"name":"(anonymous_2)","decl":{"start":{"line":66,"column":19},"end":{"line":66,"column":20}},"loc":{"start":{"line":66,"column":24},"end":{"line":68,"column":3}},"line":66},"3":{"name":"(anonymous_3)","decl":{"start":{"line":70,"column":12},"end":{"line":70,"column":13}},"loc":{"start":{"line":70,"column":18},"end":{"line":72,"column":3}},"line":70},"4":{"name":"(anonymous_4)","decl":{"start":{"line":124,"column":19},"end":{"line":124,"column":20}},"loc":{"start":{"line":124,"column":25},"end":{"line":127,"column":11}},"line":124},"5":{"name":"(anonymous_5)","decl":{"start":{"line":135,"column":32},"end":{"line":135,"column":33}},"loc":{"start":{"line":136,"column":16},"end":{"line":198,"column":23}},"line":136},"6":{"name":"(anonymous_6)","decl":{"start":{"line":189,"column":39},"end":{"line":189,"column":40}},"loc":{"start":{"line":189,"column":45},"end":{"line":189,"column":78}},"line":189},"7":{"name":"(anonymous_7)","decl":{"start":{"line":207,"column":24},"end":{"line":207,"column":25}},"loc":{"start":{"line":207,"column":43},"end":{"line":210,"column":1}},"line":207},"8":{"name":"(anonymous_8)","decl":{"start":{"line":208,"column":24},"end":{"line":208,"column":25}},"loc":{"start":{"line":208,"column":32},"end":{"line":208,"column":66}},"line":208}},"branchMap":{"0":{"loc":{"start":{"line":76,"column":9},"end":{"line":104,"column":9}},"type":"cond-expr","locations":[{"start":{"line":77,"column":10},"end":{"line":101,"column":17}},{"start":{"line":103,"column":10},"end":{"line":103,"column":21}}],"line":76},"1":{"loc":{"start":{"line":134,"column":11},"end":{"line":200,"column":31}},"type":"cond-expr","locations":[{"start":{"line":135,"column":14},"end":{"line":199,"column":16}},{"start":{"line":200,"column":14},"end":{"line":200,"column":31}}],"line":134},"2":{"loc":{"start":{"line":134,"column":11},"end":{"line":134,"column":45}},"type":"binary-expr","locations":[{"start":{"line":134,"column":11},"end":{"line":134,"column":15}},{"start":{"line":134,"column":19},"end":{"line":134,"column":45}}],"line":134},"3":{"loc":{"start":{"line":171,"column":23},"end":{"line":195,"column":30}},"type":"cond-expr","locations":[{"start":{"line":172,"column":24},"end":{"line":194,"column":31}},{"start":{"line":195,"column":26},"end":{"line":195,"column":30}}],"line":171}},"s":{"0":0,"1":0,"2":0,"3":0,"4":0,"5":0,"6":0,"7":0,"8":0,"9":0,"10":0,"11":0,"12":0,"13":0,"14":0,"15":0,"16":0},"f":{"0":0,"1":0,"2":0,"3":0,"4":0,"5":0,"6":0,"7":0,"8":0},"b":{"0":[0,0],"1":[0,0],"2":[0,0],"3":[0,0]},"hash":"3cdc9184508ae91cb0bdf8cf4b60f92a8455e7e1"}
,"/Users/boutrosbekhit/Documents/MyFace/client/src/components/Post/EditPost.js": {"path":"/Users/boutrosbekhit/Documents/MyFace/client/src/components/Post/EditPost.js","statementMap":{"0":{"start":{"line":7,"column":17},"end":{"line":33,"column":1}},"1":{"start":{"line":14,"column":2},"end":{"line":16,"column":17}},"2":{"start":{"line":15,"column":4},"end":{"line":15,"column":15}},"3":{"start":{"line":18,"column":23},"end":{"line":23,"column":3}},"4":{"start":{"line":19,"column":17},"end":{"line":19,"column":47}},"5":{"start":{"line":20,"column":4},"end":{"line":22,"column":5}},"6":{"start":{"line":21,"column":6},"end":{"line":21,"column":29}},"7":{"start":{"line":25,"column":2},"end":{"line":27,"column":3}},"8":{"start":{"line":26,"column":4},"end":{"line":26,"column":36}},"9":{"start":{"line":28,"column":2},"end":{"line":32,"column":4}},"10":{"start":{"line":30,"column":34},"end":{"line":30,"column":52}},"11":{"start":{"line":35,"column":24},"end":{"line":38,"column":2}},"12":{"start":{"line":35,"column":43},"end":{"line":38,"column":1}},"13":{"start":{"line":36,"column":32},"end":{"line":36,"column":66}}},"fnMap":{"0":{"name":"(anonymous_0)","decl":{"start":{"line":7,"column":17},"end":{"line":7,"column":18}},"loc":{"start":{"line":13,"column":6},"end":{"line":33,"column":1}},"line":13},"1":{"name":"(anonymous_1)","decl":{"start":{"line":14,"column":12},"end":{"line":14,"column":13}},"loc":{"start":{"line":14,"column":18},"end":{"line":16,"column":3}},"line":14},"2":{"name":"(anonymous_2)","decl":{"start":{"line":18,"column":23},"end":{"line":18,"column":24}},"loc":{"start":{"line":18,"column":37},"end":{"line":23,"column":3}},"line":18},"3":{"name":"(anonymous_3)","decl":{"start":{"line":30,"column":26},"end":{"line":30,"column":27}},"loc":{"start":{"line":30,"column":34},"end":{"line":30,"column":52}},"line":30},"4":{"name":"(anonymous_4)","decl":{"start":{"line":35,"column":24},"end":{"line":35,"column":25}},"loc":{"start":{"line":35,"column":43},"end":{"line":38,"column":1}},"line":35},"5":{"name":"(anonymous_5)","decl":{"start":{"line":36,"column":24},"end":{"line":36,"column":25}},"loc":{"start":{"line":36,"column":32},"end":{"line":36,"column":66}},"line":36}},"branchMap":{"0":{"loc":{"start":{"line":20,"column":4},"end":{"line":22,"column":5}},"type":"if","locations":[{"start":{"line":20,"column":4},"end":{"line":22,"column":5}},{"start":{"line":20,"column":4},"end":{"line":22,"column":5}}],"line":20},"1":{"loc":{"start":{"line":25,"column":2},"end":{"line":27,"column":3}},"type":"if","locations":[{"start":{"line":25,"column":2},"end":{"line":27,"column":3}},{"start":{"line":25,"column":2},"end":{"line":27,"column":3}}],"line":25}},"s":{"0":0,"1":0,"2":0,"3":0,"4":0,"5":0,"6":0,"7":0,"8":0,"9":0,"10":0,"11":0,"12":0,"13":0},"f":{"0":0,"1":0,"2":0,"3":0,"4":0,"5":0},"b":{"0":[0,0],"1":[0,0]},"hash":"1f10e6eba5242fea2e8b924abbd455eca04f2956"}
,"/Users/boutrosbekhit/Documents/MyFace/client/src/components/Post/PostForm.js": {"path":"/Users/boutrosbekhit/Documents/MyFace/client/src/components/Post/PostForm.js","statementMap":{"0":{"start":{"line":8,"column":18},"end":{"line":18,"column":3}},"1":{"start":{"line":8,"column":39},"end":{"line":18,"column":1}},"2":{"start":{"line":20,"column":21},"end":{"line":40,"column":14}},"3":{"start":{"line":20,"column":42},"end":{"line":40,"column":1}},"4":{"start":{"line":42,"column":24},"end":{"line":167,"column":1}},"5":{"start":{"line":43,"column":30},"end":{"line":46,"column":4}},"6":{"start":{"line":47,"column":30},"end":{"line":50,"column":4}},"7":{"start":{"line":51,"column":26},"end":{"line":51,"column":32}},"8":{"start":{"line":52,"column":36},"end":{"line":52,"column":42}},"9":{"start":{"line":53,"column":18},"end":{"line":53,"column":29}},"10":{"start":{"line":54,"column":16},"end":{"line":54,"column":26}},"11":{"start":{"line":56,"column":19},"end":{"line":83,"column":3}},"12":{"start":{"line":58,"column":4},"end":{"line":82,"column":5}},"13":{"start":{"line":60,"column":8},"end":{"line":60,"column":60}},"14":{"start":{"line":61,"column":8},"end":{"line":61,"column":46}},"15":{"start":{"line":62,"column":8},"end":{"line":66,"column":9}},"16":{"start":{"line":63,"column":10},"end":{"line":63,"column":65}},"17":{"start":{"line":65,"column":10},"end":{"line":65,"column":51}},"18":{"start":{"line":67,"column":8},"end":{"line":67,"column":14}},"19":{"start":{"line":69,"column":8},"end":{"line":69,"column":59}},"20":{"start":{"line":70,"column":8},"end":{"line":70,"column":46}},"21":{"start":{"line":71,"column":8},"end":{"line":78,"column":9}},"22":{"start":{"line":72,"column":10},"end":{"line":75,"column":13}},"23":{"start":{"line":77,"column":10},"end":{"line":77,"column":50}},"24":{"start":{"line":79,"column":8},"end":{"line":79,"column":14}},"25":{"start":{"line":81,"column":8},"end":{"line":81,"column":14}},"26":{"start":{"line":85,"column":23},"end":{"line":92,"column":3}},"27":{"start":{"line":86,"column":4},"end":{"line":86,"column":23}},"28":{"start":{"line":87,"column":21},"end":{"line":90,"column":5}},"29":{"start":{"line":91,"column":4},"end":{"line":91,"column":23}},"30":{"start":{"line":94,"column":2},"end":{"line":166,"column":4}},"31":{"start":{"line":169,"column":24},"end":{"line":171,"column":2}},"32":{"start":{"line":169,"column":34},"end":{"line":171,"column":1}}},"fnMap":{"0":{"name":"(anonymous_0)","decl":{"start":{"line":8,"column":29},"end":{"line":8,"column":30}},"loc":{"start":{"line":8,"column":39},"end":{"line":18,"column":1}},"line":8},"1":{"name":"(anonymous_1)","decl":{"start":{"line":20,"column":32},"end":{"line":20,"column":33}},"loc":{"start":{"line":20,"column":42},"end":{"line":40,"column":1}},"line":20},"2":{"name":"(anonymous_2)","decl":{"start":{"line":42,"column":24},"end":{"line":42,"column":25}},"loc":{"start":{"line":42,"column":54},"end":{"line":167,"column":1}},"line":42},"3":{"name":"(anonymous_3)","decl":{"start":{"line":56,"column":19},"end":{"line":56,"column":20}},"loc":{"start":{"line":56,"column":28},"end":{"line":83,"column":3}},"line":56},"4":{"name":"(anonymous_4)","decl":{"start":{"line":85,"column":23},"end":{"line":85,"column":24}},"loc":{"start":{"line":85,"column":28},"end":{"line":92,"column":3}},"line":85},"5":{"name":"(anonymous_5)","decl":{"start":{"line":169,"column":24},"end":{"line":169,"column":25}},"loc":{"start":{"line":169,"column":34},"end":{"line":171,"column":1}},"line":169}},"branchMap":{"0":{"loc":{"start":{"line":44,"column":11},"end":{"line":44,"column":33}},"type":"cond-expr","locations":[{"start":{"line":44,"column":18},"end":{"line":44,"column":28}},{"start":{"line":44,"column":31},"end":{"line":44,"column":33}}],"line":44},"1":{"loc":{"start":{"line":45,"column":10},"end":{"line":45,"column":31}},"type":"cond-expr","locations":[{"start":{"line":45,"column":17},"end":{"line":45,"column":26}},{"start":{"line":45,"column":29},"end":{"line":45,"column":31}}],"line":45},"2":{"loc":{"start":{"line":58,"column":4},"end":{"line":82,"column":5}},"type":"switch","locations":[{"start":{"line":59,"column":6},"end":{"line":67,"column":14}},{"start":{"line":68,"column":6},"end":{"line":79,"column":14}},{"start":{"line":80,"column":6},"end":{"line":81,"column":14}}],"line":58},"3":{"loc":{"start":{"line":62,"column":8},"end":{"line":66,"column":9}},"type":"if","locations":[{"start":{"line":62,"column":8},"end":{"line":66,"column":9}},{"start":{"line":62,"column":8},"end":{"line":66,"column":9}}],"line":62},"4":{"loc":{"start":{"line":71,"column":8},"end":{"line":78,"column":9}},"type":"if","locations":[{"start":{"line":71,"column":8},"end":{"line":78,"column":9}},{"start":{"line":71,"column":8},"end":{"line":78,"column":9}}],"line":71},"5":{"loc":{"start":{"line":157,"column":24},"end":{"line":157,"column":70}},"type":"binary-expr","locations":[{"start":{"line":157,"column":24},"end":{"line":157,"column":36}},{"start":{"line":157,"column":40},"end":{"line":157,"column":46}},{"start":{"line":157,"column":50},"end":{"line":157,"column":61}},{"start":{"line":157,"column":65},"end":{"line":157,"column":70}}],"line":157}},"s":{"0":1,"1":1,"2":1,"3":0,"4":1,"5":1,"6":1,"7":1,"8":1,"9":1,"10":1,"11":1,"12":0,"13":0,"14":0,"15":0,"16":0,"17":0,"18":0,"19":0,"20":0,"21":0,"22":0,"23":0,"24":0,"25":0,"26":1,"27":0,"28":0,"29":0,"30":1,"31":1,"32":0},"f":{"0":1,"1":0,"2":1,"3":0,"4":0,"5":0},"b":{"0":[0,1],"1":[0,1],"2":[0,0,0],"3":[0,0],"4":[0,0],"5":[1,1,0,0]},"_coverageSchema":"43e27e138ebf9cfc5966b082cf9a028302ed4184","hash":"1f58fcf0089cb0960e3ba3d07c5886f083b11743"}
,"/Users/boutrosbekhit/Documents/MyFace/client/src/components/Post/PostList.js": {"path":"/Users/boutrosbekhit/Documents/MyFace/client/src/components/Post/PostList.js","statementMap":{"0":{"start":{"line":20,"column":18},"end":{"line":58,"column":3}},"1":{"start":{"line":20,"column":39},"end":{"line":58,"column":1}},"2":{"start":{"line":60,"column":24},"end":{"line":201,"column":1}},"3":{"start":{"line":68,"column":28},"end":{"line":68,"column":39}},"4":{"start":{"line":69,"column":26},"end":{"line":69,"column":37}},"5":{"start":{"line":70,"column":26},"end":{"line":70,"column":44}},"6":{"start":{"line":71,"column":18},"end":{"line":71,"column":29}},"7":{"start":{"line":73,"column":2},"end":{"line":75,"column":17}},"8":{"start":{"line":74,"column":4},"end":{"line":74,"column":26}},"9":{"start":{"line":77,"column":19},"end":{"line":82,"column":3}},"10":{"start":{"line":78,"column":18},"end":{"line":78,"column":30}},"11":{"start":{"line":79,"column":15},"end":{"line":79,"column":52}},"12":{"start":{"line":80,"column":4},"end":{"line":80,"column":18}},"13":{"start":{"line":81,"column":4},"end":{"line":81,"column":21}},"14":{"start":{"line":84,"column":2},"end":{"line":200,"column":4}},"15":{"start":{"line":89,"column":12},"end":{"line":186,"column":19}},"16":{"start":{"line":152,"column":28},"end":{"line":155,"column":30}},"17":{"start":{"line":167,"column":22},"end":{"line":169,"column":44}},"18":{"start":{"line":203,"column":24},"end":{"line":206,"column":2}},"19":{"start":{"line":203,"column":34},"end":{"line":206,"column":1}}},"fnMap":{"0":{"name":"(anonymous_0)","decl":{"start":{"line":20,"column":29},"end":{"line":20,"column":30}},"loc":{"start":{"line":20,"column":39},"end":{"line":58,"column":1}},"line":20},"1":{"name":"(anonymous_1)","decl":{"start":{"line":60,"column":24},"end":{"line":60,"column":25}},"loc":{"start":{"line":67,"column":6},"end":{"line":201,"column":1}},"line":67},"2":{"name":"(anonymous_2)","decl":{"start":{"line":73,"column":12},"end":{"line":73,"column":13}},"loc":{"start":{"line":73,"column":18},"end":{"line":75,"column":3}},"line":73},"3":{"name":"(anonymous_3)","decl":{"start":{"line":77,"column":19},"end":{"line":77,"column":20}},"loc":{"start":{"line":77,"column":31},"end":{"line":82,"column":3}},"line":77},"4":{"name":"(anonymous_4)","decl":{"start":{"line":88,"column":20},"end":{"line":88,"column":21}},"loc":{"start":{"line":89,"column":12},"end":{"line":186,"column":19}},"line":89},"5":{"name":"(anonymous_5)","decl":{"start":{"line":151,"column":35},"end":{"line":151,"column":36}},"loc":{"start":{"line":152,"column":28},"end":{"line":155,"column":30}},"line":152},"6":{"name":"(anonymous_6)","decl":{"start":{"line":166,"column":29},"end":{"line":166,"column":30}},"loc":{"start":{"line":166,"column":35},"end":{"line":170,"column":21}},"line":166},"7":{"name":"(anonymous_7)","decl":{"start":{"line":203,"column":24},"end":{"line":203,"column":25}},"loc":{"start":{"line":203,"column":34},"end":{"line":206,"column":1}},"line":203}},"branchMap":{"0":{"loc":{"start":{"line":87,"column":9},"end":{"line":190,"column":9}},"type":"cond-expr","locations":[{"start":{"line":88,"column":10},"end":{"line":187,"column":12}},{"start":{"line":189,"column":10},"end":{"line":189,"column":21}}],"line":87},"1":{"loc":{"start":{"line":133,"column":19},"end":{"line":162,"column":26}},"type":"cond-expr","locations":[{"start":{"line":134,"column":20},"end":{"line":161,"column":27}},{"start":{"line":162,"column":22},"end":{"line":162,"column":26}}],"line":133},"2":{"loc":{"start":{"line":167,"column":22},"end":{"line":169,"column":43}},"type":"cond-expr","locations":[{"start":{"line":168,"column":26},"end":{"line":168,"column":46}},{"start":{"line":169,"column":26},"end":{"line":169,"column":43}}],"line":167},"3":{"loc":{"start":{"line":172,"column":22},"end":{"line":172,"column":75}},"type":"cond-expr","locations":[{"start":{"line":172,"column":54},"end":{"line":172,"column":63}},{"start":{"line":172,"column":66},"end":{"line":172,"column":75}}],"line":172},"4":{"loc":{"start":{"line":182,"column":21},"end":{"line":182,"column":71}},"type":"cond-expr","locations":[{"start":{"line":182,"column":47},"end":{"line":182,"column":64}},{"start":{"line":182,"column":67},"end":{"line":182,"column":71}}],"line":182},"5":{"loc":{"start":{"line":193,"column":9},"end":{"line":197,"column":16}},"type":"cond-expr","locations":[{"start":{"line":194,"column":10},"end":{"line":196,"column":19}},{"start":{"line":197,"column":12},"end":{"line":197,"column":16}}],"line":193},"6":{"loc":{"start":{"line":193,"column":9},"end":{"line":193,"column":34}},"type":"binary-expr","locations":[{"start":{"line":193,"column":9},"end":{"line":193,"column":17}},{"start":{"line":193,"column":21},"end":{"line":193,"column":34}}],"line":193}},"s":{"0":1,"1":1,"2":1,"3":2,"4":2,"5":2,"6":2,"7":2,"8":0,"9":2,"10":0,"11":0,"12":0,"13":0,"14":2,"15":2,"16":0,"17":0,"18":1,"19":0},"f":{"0":1,"1":2,"2":0,"3":0,"4":2,"5":0,"6":0,"7":0},"b":{"0":[1,1],"1":[0,2],"2":[0,0],"3":[0,2],"4":[0,2],"5":[2,0],"6":[2,2]},"_coverageSchema":"43e27e138ebf9cfc5966b082cf9a028302ed4184","hash":"cd16d7524eaa787565e09e5c5629132441ddce64"}
,"/Users/boutrosbekhit/Documents/MyFace/client/src/components/Profile/AddProfile.js": {"path":"/Users/boutrosbekhit/Documents/MyFace/client/src/components/Profile/AddProfile.js","statementMap":{"0":{"start":{"line":8,"column":19},"end":{"line":25,"column":1}},"1":{"start":{"line":9,"column":22},"end":{"line":15,"column":3}},"2":{"start":{"line":10,"column":17},"end":{"line":10,"column":45}},"3":{"start":{"line":11,"column":4},"end":{"line":14,"column":5}},"4":{"start":{"line":12,"column":6},"end":{"line":12,"column":32}},"5":{"start":{"line":13,"column":6},"end":{"line":13,"column":56}},"6":{"start":{"line":17,"column":2},"end":{"line":19,"column":3}},"7":{"start":{"line":18,"column":4},"end":{"line":18,"column":36}},"8":{"start":{"line":20,"column":2},"end":{"line":24,"column":4}},"9":{"start":{"line":22,"column":40},"end":{"line":22,"column":60}},"10":{"start":{"line":27,"column":24},"end":{"line":29,"column":2}},"11":{"start":{"line":27,"column":34},"end":{"line":29,"column":1}}},"fnMap":{"0":{"name":"(anonymous_0)","decl":{"start":{"line":8,"column":19},"end":{"line":8,"column":20}},"loc":{"start":{"line":8,"column":78},"end":{"line":25,"column":1}},"line":8},"1":{"name":"(anonymous_1)","decl":{"start":{"line":9,"column":22},"end":{"line":9,"column":23}},"loc":{"start":{"line":9,"column":39},"end":{"line":15,"column":3}},"line":9},"2":{"name":"(anonymous_2)","decl":{"start":{"line":22,"column":29},"end":{"line":22,"column":30}},"loc":{"start":{"line":22,"column":40},"end":{"line":22,"column":60}},"line":22},"3":{"name":"(anonymous_3)","decl":{"start":{"line":27,"column":24},"end":{"line":27,"column":25}},"loc":{"start":{"line":27,"column":34},"end":{"line":29,"column":1}},"line":27}},"branchMap":{"0":{"loc":{"start":{"line":11,"column":4},"end":{"line":14,"column":5}},"type":"if","locations":[{"start":{"line":11,"column":4},"end":{"line":14,"column":5}},{"start":{"line":11,"column":4},"end":{"line":14,"column":5}}],"line":11},"1":{"loc":{"start":{"line":17,"column":2},"end":{"line":19,"column":3}},"type":"if","locations":[{"start":{"line":17,"column":2},"end":{"line":19,"column":3}},{"start":{"line":17,"column":2},"end":{"line":19,"column":3}}],"line":17}},"s":{"0":0,"1":0,"2":0,"3":0,"4":0,"5":0,"6":0,"7":0,"8":0,"9":0,"10":0,"11":0},"f":{"0":0,"1":0,"2":0,"3":0},"b":{"0":[0,0],"1":[0,0]},"hash":"3c1226cf3e8152fe9cee44b018c96cebc7d0114f"}
,"/Users/boutrosbekhit/Documents/MyFace/client/src/components/Profile/Profile.js": {"path":"/Users/boutrosbekhit/Documents/MyFace/client/src/components/Profile/Profile.js","statementMap":{"0":{"start":{"line":17,"column":18},"end":{"line":44,"column":3}},"1":{"start":{"line":17,"column":39},"end":{"line":44,"column":1}},"2":{"start":{"line":46,"column":16},"end":{"line":176,"column":1}},"3":{"start":{"line":51,"column":18},"end":{"line":51,"column":29}},"4":{"start":{"line":52,"column":2},"end":{"line":54,"column":26}},"5":{"start":{"line":53,"column":4},"end":{"line":53,"column":24}},"6":{"start":{"line":56,"column":2},"end":{"line":175,"column":4}},"7":{"start":{"line":156,"column":35},"end":{"line":156,"column":69}},"8":{"start":{"line":178,"column":23},"end":{"line":181,"column":2}},"9":{"start":{"line":178,"column":33},"end":{"line":181,"column":1}}},"fnMap":{"0":{"name":"(anonymous_0)","decl":{"start":{"line":17,"column":29},"end":{"line":17,"column":30}},"loc":{"start":{"line":17,"column":39},"end":{"line":44,"column":1}},"line":17},"1":{"name":"(anonymous_1)","decl":{"start":{"line":46,"column":16},"end":{"line":46,"column":17}},"loc":{"start":{"line":50,"column":6},"end":{"line":176,"column":1}},"line":50},"2":{"name":"(anonymous_2)","decl":{"start":{"line":52,"column":12},"end":{"line":52,"column":13}},"loc":{"start":{"line":52,"column":18},"end":{"line":54,"column":3}},"line":52},"3":{"name":"(anonymous_3)","decl":{"start":{"line":156,"column":29},"end":{"line":156,"column":30}},"loc":{"start":{"line":156,"column":35},"end":{"line":156,"column":69}},"line":156},"4":{"name":"(anonymous_4)","decl":{"start":{"line":178,"column":23},"end":{"line":178,"column":24}},"loc":{"start":{"line":178,"column":33},"end":{"line":181,"column":1}},"line":178}},"branchMap":{"0":{"loc":{"start":{"line":58,"column":7},"end":{"line":173,"column":7}},"type":"cond-expr","locations":[{"start":{"line":59,"column":8},"end":{"line":89,"column":15}},{"start":{"line":91,"column":8},"end":{"line":172,"column":14}}],"line":58},"1":{"loc":{"start":{"line":58,"column":7},"end":{"line":58,"column":66}},"type":"binary-expr","locations":[{"start":{"line":58,"column":7},"end":{"line":58,"column":22}},{"start":{"line":58,"column":26},"end":{"line":58,"column":66}}],"line":58}},"s":{"0":0,"1":0,"2":0,"3":0,"4":0,"5":0,"6":0,"7":0,"8":0,"9":0},"f":{"0":0,"1":0,"2":0,"3":0,"4":0},"b":{"0":[0,0],"1":[0,0]},"hash":"e75189e9fc4bb6eff4fea328ef695f5a52ab3e23"}
,"/Users/boutrosbekhit/Documents/MyFace/client/src/components/Profile/ProfileForm.js": {"path":"/Users/boutrosbekhit/Documents/MyFace/client/src/components/Profile/ProfileForm.js","statementMap":{"0":{"start":{"line":8,"column":18},"end":{"line":18,"column":3}},"1":{"start":{"line":8,"column":39},"end":{"line":18,"column":1}},"2":{"start":{"line":20,"column":21},"end":{"line":40,"column":14}},"3":{"start":{"line":20,"column":42},"end":{"line":40,"column":1}},"4":{"start":{"line":42,"column":20},"end":{"line":204,"column":1}},"5":{"start":{"line":43,"column":30},"end":{"line":47,"column":4}},"6":{"start":{"line":48,"column":30},"end":{"line":52,"column":4}},"7":{"start":{"line":53,"column":37},"end":{"line":53,"column":43}},"8":{"start":{"line":54,"column":52},"end":{"line":54,"column":58}},"9":{"start":{"line":55,"column":18},"end":{"line":55,"column":29}},"10":{"start":{"line":56,"column":16},"end":{"line":56,"column":26}},"11":{"start":{"line":58,"column":19},"end":{"line":97,"column":3}},"12":{"start":{"line":60,"column":4},"end":{"line":96,"column":5}},"13":{"start":{"line":62,"column":8},"end":{"line":62,"column":60}},"14":{"start":{"line":63,"column":8},"end":{"line":63,"column":46}},"15":{"start":{"line":64,"column":8},"end":{"line":68,"column":9}},"16":{"start":{"line":65,"column":10},"end":{"line":65,"column":68}},"17":{"start":{"line":67,"column":10},"end":{"line":67,"column":51}},"18":{"start":{"line":69,"column":8},"end":{"line":69,"column":14}},"19":{"start":{"line":71,"column":8},"end":{"line":71,"column":62}},"20":{"start":{"line":72,"column":8},"end":{"line":72,"column":46}},"21":{"start":{"line":73,"column":8},"end":{"line":80,"column":9}},"22":{"start":{"line":74,"column":10},"end":{"line":77,"column":13}},"23":{"start":{"line":79,"column":10},"end":{"line":79,"column":53}},"24":{"start":{"line":81,"column":8},"end":{"line":81,"column":14}},"25":{"start":{"line":83,"column":8},"end":{"line":83,"column":61}},"26":{"start":{"line":84,"column":8},"end":{"line":84,"column":46}},"27":{"start":{"line":85,"column":8},"end":{"line":92,"column":9}},"28":{"start":{"line":86,"column":10},"end":{"line":89,"column":13}},"29":{"start":{"line":91,"column":10},"end":{"line":91,"column":52}},"30":{"start":{"line":93,"column":8},"end":{"line":93,"column":14}},"31":{"start":{"line":95,"column":8},"end":{"line":95,"column":14}},"32":{"start":{"line":99,"column":23},"end":{"line":105,"column":3}},"33":{"start":{"line":100,"column":4},"end":{"line":100,"column":23}},"34":{"start":{"line":101,"column":24},"end":{"line":103,"column":5}},"35":{"start":{"line":104,"column":4},"end":{"line":104,"column":26}},"36":{"start":{"line":107,"column":2},"end":{"line":203,"column":4}},"37":{"start":{"line":206,"column":24},"end":{"line":208,"column":2}},"38":{"start":{"line":206,"column":34},"end":{"line":208,"column":1}}},"fnMap":{"0":{"name":"(anonymous_0)","decl":{"start":{"line":8,"column":29},"end":{"line":8,"column":30}},"loc":{"start":{"line":8,"column":39},"end":{"line":18,"column":1}},"line":8},"1":{"name":"(anonymous_1)","decl":{"start":{"line":20,"column":32},"end":{"line":20,"column":33}},"loc":{"start":{"line":20,"column":42},"end":{"line":40,"column":1}},"line":20},"2":{"name":"(anonymous_2)","decl":{"start":{"line":42,"column":20},"end":{"line":42,"column":21}},"loc":{"start":{"line":42,"column":53},"end":{"line":204,"column":1}},"line":42},"3":{"name":"(anonymous_3)","decl":{"start":{"line":58,"column":19},"end":{"line":58,"column":20}},"loc":{"start":{"line":58,"column":28},"end":{"line":97,"column":3}},"line":58},"4":{"name":"(anonymous_4)","decl":{"start":{"line":99,"column":23},"end":{"line":99,"column":24}},"loc":{"start":{"line":99,"column":28},"end":{"line":105,"column":3}},"line":99},"5":{"name":"(anonymous_5)","decl":{"start":{"line":206,"column":24},"end":{"line":206,"column":25}},"loc":{"start":{"line":206,"column":34},"end":{"line":208,"column":1}},"line":206}},"branchMap":{"0":{"loc":{"start":{"line":44,"column":11},"end":{"line":44,"column":39}},"type":"cond-expr","locations":[{"start":{"line":44,"column":21},"end":{"line":44,"column":34}},{"start":{"line":44,"column":37},"end":{"line":44,"column":39}}],"line":44},"1":{"loc":{"start":{"line":45,"column":13},"end":{"line":45,"column":43}},"type":"cond-expr","locations":[{"start":{"line":45,"column":23},"end":{"line":45,"column":38}},{"start":{"line":45,"column":41},"end":{"line":45,"column":43}}],"line":45},"2":{"loc":{"start":{"line":46,"column":12},"end":{"line":46,"column":41}},"type":"cond-expr","locations":[{"start":{"line":46,"column":22},"end":{"line":46,"column":36}},{"start":{"line":46,"column":39},"end":{"line":46,"column":41}}],"line":46},"3":{"loc":{"start":{"line":60,"column":4},"end":{"line":96,"column":5}},"type":"switch","locations":[{"start":{"line":61,"column":6},"end":{"line":69,"column":14}},{"start":{"line":70,"column":6},"end":{"line":81,"column":14}},{"start":{"line":82,"column":6},"end":{"line":93,"column":14}},{"start":{"line":94,"column":6},"end":{"line":95,"column":14}}],"line":60},"4":{"loc":{"start":{"line":64,"column":8},"end":{"line":68,"column":9}},"type":"if","locations":[{"start":{"line":64,"column":8},"end":{"line":68,"column":9}},{"start":{"line":64,"column":8},"end":{"line":68,"column":9}}],"line":64},"5":{"loc":{"start":{"line":73,"column":8},"end":{"line":80,"column":9}},"type":"if","locations":[{"start":{"line":73,"column":8},"end":{"line":80,"column":9}},{"start":{"line":73,"column":8},"end":{"line":80,"column":9}}],"line":73},"6":{"loc":{"start":{"line":85,"column":8},"end":{"line":92,"column":9}},"type":"if","locations":[{"start":{"line":85,"column":8},"end":{"line":92,"column":9}},{"start":{"line":85,"column":8},"end":{"line":92,"column":9}}],"line":85},"7":{"loc":{"start":{"line":189,"column":16},"end":{"line":194,"column":23}},"type":"binary-expr","locations":[{"start":{"line":189,"column":16},"end":{"line":189,"column":28}},{"start":{"line":190,"column":16},"end":{"line":190,"column":22}},{"start":{"line":191,"column":16},"end":{"line":191,"column":30}},{"start":{"line":192,"column":16},"end":{"line":192,"column":24}},{"start":{"line":193,"column":16},"end":{"line":193,"column":29}},{"start":{"line":194,"column":16},"end":{"line":194,"column":23}}],"line":189}},"s":{"0":0,"1":0,"2":0,"3":0,"4":0,"5":0,"6":0,"7":0,"8":0,"9":0,"10":0,"11":0,"12":0,"13":0,"14":0,"15":0,"16":0,"17":0,"18":0,"19":0,"20":0,"21":0,"22":0,"23":0,"24":0,"25":0,"26":0,"27":0,"28":0,"29":0,"30":0,"31":0,"32":0,"33":0,"34":0,"35":0,"36":0,"37":0,"38":0},"f":{"0":0,"1":0,"2":0,"3":0,"4":0,"5":0},"b":{"0":[0,0],"1":[0,0],"2":[0,0],"3":[0,0,0,0],"4":[0,0],"5":[0,0],"6":[0,0],"7":[0,0,0,0,0,0]},"hash":"6f721d856030edfcc3bad2a0399be2f9ebfdaad7"}
[...]
:{"start":{"line":56,"column":17},"end":{"line":60,"column":3}},"21":{"start":{"line":61,"column":2},"end":{"line":72,"column":3}},"22":{"start":{"line":62,"column":14},"end":{"line":62,"column":65}},"23":{"start":{"line":63,"column":4},"end":{"line":66,"column":7}},"24":{"start":{"line":68,"column":4},"end":{"line":71,"column":7}},"25":{"start":{"line":75,"column":28},"end":{"line":103,"column":1}},"26":{"start":{"line":80,"column":5},"end":{"line":103,"column":1}},"27":{"start":{"line":81,"column":14},"end":{"line":81,"column":43}},"28":{"start":{"line":82,"column":17},"end":{"line":87,"column":3}},"29":{"start":{"line":88,"column":15},"end":{"line":93,"column":4}},"30":{"start":{"line":94,"column":2},"end":{"line":102,"column":3}},"31":{"start":{"line":95,"column":14},"end":{"line":95,"column":75}},"32":{"start":{"line":96,"column":4},"end":{"line":99,"column":7}},"33":{"start":{"line":101,"column":4},"end":{"line":101,"column":57}},"34":{"start":{"line":105,"column":31},"end":{"line":133,"column":1}},"35":{"start":{"line":110,"column":5},"end":{"line":133,"column":1}},"36":{"start":{"line":111,"column":14},"end":{"line":111,"column":43}},"37":{"start":{"line":112,"column":17},"end":{"line":117,"column":3}},"38":{"start":{"line":118,"column":15},"end":{"line":123,"column":4}},"39":{"start":{"line":124,"column":2},"end":{"line":132,"column":3}},"40":{"start":{"line":125,"column":14},"end":{"line":125,"column":78}},"41":{"start":{"line":126,"column":4},"end":{"line":129,"column":7}},"42":{"start":{"line":131,"column":4},"end":{"line":131,"column":57}},"43":{"start":{"line":135,"column":30},"end":{"line":155,"column":1}},"44":{"start":{"line":135,"column":43},"end":{"line":155,"column":1}},"45":{"start":{"line":136,"column":14},"end":{"line":136,"column":43}},"46":{"start":{"line":137,"column":17},"end":{"line":142,"column":3}},"47":{"start":{"line":143,"column":2},"end":{"line":154,"column":3}},"48":{"start":{"line":144,"column":14},"end":{"line":144,"column":79}},"49":{"start":{"line":145,"column":4},"end":{"line":148,"column":7}},"50":{"start":{"line":150,"column":4},"end":{"line":153,"column":7}},"51":{"start":{"line":157,"column":37},"end":{"line":162,"column":1}},"52":{"start":{"line":157,"column":43},"end":{"line":162,"column":1}},"53":{"start":{"line":158,"column":2},"end":{"line":161,"column":5}}},"fnMap":{"0":{"name":"(anonymous_0)","decl":{"start":{"line":12,"column":33},"end":{"line":12,"column":34}},"loc":{"start":{"line":12,"column":39},"end":{"line":32,"column":1}},"line":12},"1":{"name":"(anonymous_1)","decl":{"start":{"line":12,"column":39},"end":{"line":12,"column":40}},"loc":{"start":{"line":12,"column":57},"end":{"line":32,"column":1}},"line":12},"2":{"name":"(anonymous_2)","decl":{"start":{"line":34,"column":29},"end":{"line":34,"column":30}},"loc":{"start":{"line":34,"column":37},"end":{"line":53,"column":1}},"line":34},"3":{"name":"(anonymous_3)","decl":{"start":{"line":34,"column":37},"end":{"line":34,"column":38}},"loc":{"start":{"line":34,"column":55},"end":{"line":53,"column":1}},"line":34},"4":{"name":"(anonymous_4)","decl":{"start":{"line":55,"column":27},"end":{"line":55,"column":28}},"loc":{"start":{"line":55,"column":33},"end":{"line":73,"column":1}},"line":55},"5":{"name":"(anonymous_5)","decl":{"start":{"line":55,"column":33},"end":{"line":55,"column":34}},"loc":{"start":{"line":55,"column":51},"end":{"line":73,"column":1}},"line":55},"6":{"name":"(anonymous_6)","decl":{"start":{"line":75,"column":28},"end":{"line":75,"column":29}},"loc":{"start":{"line":80,"column":5},"end":{"line":103,"column":1}},"line":80},"7":{"name":"(anonymous_7)","decl":{"start":{"line":80,"column":5},"end":{"line":80,"column":6}},"loc":{"start":{"line":80,"column":23},"end":{"line":103,"column":1}},"line":80},"8":{"name":"(anonymous_8)","decl":{"start":{"line":105,"column":31},"end":{"line":105,"column":32}},"loc":{"start":{"line":110,"column":5},"end":{"line":133,"column":1}},"line":110},"9":{"name":"(anonymous_9)","decl":{"start":{"line":110,"column":5},"end":{"line":110,"column":6}},"loc":{"start":{"line":110,"column":23},"end":{"line":133,"column":1}},"line":110},"10":{"name":"(anonymous_10)","decl":{"start":{"line":135,"column":30},"end":{"line":135,"column":31}},"loc":{"start":{"line":135,"column":43},"end":{"line":155,"column":1}},"line":135},"11":{"name":"(anonymous_11)","decl":{"start":{"line":135,"column":43},"end":{"line":135,"column":44}},"loc":{"start":{"line":135,"column":61},"end":{"line":155,"column":1}},"line":135},"12":{"name":"(anonymous_12)","decl":{"start":{"line":157,"column":37},"end":{"line":157,"column":38}},"loc":{"start":{"line":157,"column":43},"end":{"line":162,"column":1}},"line":157},"13":{"name":"(anonymous_13)","decl":{"start":{"line":157,"column":43},"end":{"line":157,"column":44}},"loc":{"start":{"line":157,"column":55},"end":{"line":162,"column":1}},"line":157}},"branchMap":{},"s":{"0":0,"1":0,"2":0,"3":0,"4":0,"5":0,"6":0,"7":0,"8":0,"9":0,"10":0,"11":0,"12":0,"13":0,"14":0,"15":0,"16":0,"17":0,"18":0,"19":0,"20":0,"21":0,"22":0,"23":0,"24":0,"25":0,"26":0,"27":0,"28":0,"29":0,"30":0,"31":0,"32":0,"33":0,"34":0,"35":0,"36":0,"37":0,"38":0,"39":0,"40":0,"41":0,"42":0,"43":0,"44":0,"45":0,"46":0,"47":0,"48":0,"49":0,"50":0,"51":0,"52":0,"53":0},"f":{"0":0,"1":0,"2":0,"3":0,"4":0,"5":0,"6":0,"7":0,"8":0,"9":0,"10":0,"11":0,"12":0,"13":0},"b":{},"hash":"d453aa843f721a3256e4095022df850ff55cea21"}
,"/Users/boutrosbekhit/Documents/MyFace/client/src/redux/actions/types.js": {"path":"/Users/boutrosbekhit/Documents/MyFace/client/src/redux/actions/types.js","statementMap":{"0":{"start":{"line":1,"column":25},"end":{"line":1,"column":36}},"1":{"start":{"line":2,"column":28},"end":{"line":2,"column":42}},"2":{"start":{"line":3,"column":28},"end":{"line":3,"column":42}},"3":{"start":{"line":4,"column":28},"end":{"line":4,"column":42}},"4":{"start":{"line":5,"column":27},"end":{"line":5,"column":40}},"5":{"start":{"line":6,"column":32},"end":{"line":6,"column":50}},"6":{"start":{"line":7,"column":27},"end":{"line":7,"column":40}},"7":{"start":{"line":8,"column":25},"end":{"line":8,"column":36}},"8":{"start":{"line":9,"column":27},"end":{"line":9,"column":40}},"9":{"start":{"line":10,"column":25},"end":{"line":10,"column":36}},"10":{"start":{"line":11,"column":30},"end":{"line":11,"column":46}},"11":{"start":{"line":12,"column":27},"end":{"line":12,"column":40}},"12":{"start":{"line":13,"column":27},"end":{"line":13,"column":40}},"13":{"start":{"line":14,"column":26},"end":{"line":14,"column":38}},"14":{"start":{"line":15,"column":27},"end":{"line":15,"column":40}},"15":{"start":{"line":16,"column":35},"end":{"line":16,"column":56}},"16":{"start":{"line":17,"column":28},"end":{"line":17,"column":42}},"17":{"start":{"line":18,"column":30},"end":{"line":18,"column":46}},"18":{"start":{"line":19,"column":28},"end":{"line":19,"column":42}},"19":{"start":{"line":20,"column":30},"end":{"line":20,"column":46}},"20":{"start":{"line":21,"column":32},"end":{"line":21,"column":50}},"21":{"start":{"line":22,"column":32},"end":{"line":22,"column":50}},"22":{"start":{"line":23,"column":40},"end":{"line":23,"column":66}}},"fnMap":{},"branchMap":{},"s":{"0":6,"1":6,"2":6,"3":6,"4":6,"5":6,"6":6,"7":6,"8":6,"9":6,"10":6,"11":6,"12":6,"13":6,"14":6,"15":6,"16":6,"17":6,"18":6,"19":6,"20":6,"21":6,"22":6},"f":{},"b":{},"_coverageSchema":"43e27e138ebf9cfc5966b082cf9a028302ed4184","hash":"08a10e9697b95e347eadd10cf23b826a80bb0751"}
,"/Users/boutrosbekhit/Documents/MyFace/client/src/redux/reducers/alertReducer.js": {"path":"/Users/boutrosbekhit/Documents/MyFace/client/src/redux/reducers/alertReducer.js","statementMap":{"0":{"start":{"line":3,"column":21},"end":{"line":3,"column":25}},"1":{"start":{"line":5,"column":21},"end":{"line":19,"column":1}},"2":{"start":{"line":6,"column":2},"end":{"line":18,"column":3}},"3":{"start":{"line":8,"column":46},"end":{"line":8,"column":60}},"4":{"start":{"line":9,"column":6},"end":{"line":13,"column":8}},"5":{"start":{"line":15,"column":6},"end":{"line":15,"column":18}},"6":{"start":{"line":17,"column":6},"end":{"line":17,"column":19}}},"fnMap":{"0":{"name":"(anonymous_0)","decl":{"start":{"line":5,"column":21},"end":{"line":5,"column":22}},"loc":{"start":{"line":5,"column":55},"end":{"line":19,"column":1}},"line":5}},"branchMap":{"0":{"loc":{"start":{"line":5,"column":22},"end":{"line":5,"column":42}},"type":"default-arg","locations":[{"start":{"line":5,"column":30},"end":{"line":5,"column":42}}],"line":5},"1":{"loc":{"start":{"line":6,"column":2},"end":{"line":18,"column":3}},"type":"switch","locations":[{"start":{"line":7,"column":4},"end":{"line":13,"column":8}},{"start":{"line":14,"column":4},"end":{"line":15,"column":18}},{"start":{"line":16,"column":4},"end":{"line":17,"column":19}}],"line":6}},"s":{"0":1,"1":1,"2":3,"3":1,"4":1,"5":1,"6":1},"f":{"0":3},"b":{"0":[1],"1":[1,1,1]},"_coverageSchema":"43e27e138ebf9cfc5966b082cf9a028302ed4184","hash":"50963beb59ca2ac2241289be8391e5364c89f808"}
,"/Users/boutrosbekhit/Documents/MyFace/client/src/redux/reducers/authReducer.js": {"path":"/Users/boutrosbekhit/Documents/MyFace/client/src/redux/reducers/authReducer.js","statementMap":{"0":{"start":{"line":3,"column":21},"end":{"line":6,"column":1}},"1":{"start":{"line":9,"column":2},"end":{"line":23,"column":3}},"2":{"start":{"line":11,"column":6},"end":{"line":15,"column":8}},"3":{"start":{"line":17,"column":6},"end":{"line":20,"column":8}},"4":{"start":{"line":22,"column":6},"end":{"line":22,"column":19}}},"fnMap":{"0":{"name":"(anonymous_0)","decl":{"start":{"line":8,"column":15},"end":{"line":8,"column":16}},"loc":{"start":{"line":8,"column":49},"end":{"line":24,"column":1}},"line":8}},"branchMap":{"0":{"loc":{"start":{"line":8,"column":16},"end":{"line":8,"column":36}},"type":"default-arg","locations":[{"start":{"line":8,"column":24},"end":{"line":8,"column":36}}],"line":8},"1":{"loc":{"start":{"line":9,"column":2},"end":{"line":23,"column":3}},"type":"switch","locations":[{"start":{"line":10,"column":4},"end":{"line":15,"column":8}},{"start":{"line":16,"column":4},"end":{"line":20,"column":8}},{"start":{"line":21,"column":4},"end":{"line":22,"column":19}}],"line":9}},"s":{"0":1,"1":2,"2":1,"3":1,"4":0},"f":{"0":2},"b":{"0":[0],"1":[1,1,0]},"_coverageSchema":"43e27e138ebf9cfc5966b082cf9a028302ed4184","hash":"a672c0e1b1664c9056d5fdc69ce790af4c64c8c8"}
,"/Users/boutrosbekhit/Documents/MyFace/client/src/redux/reducers/index.js": {"path":"/Users/boutrosbekhit/Documents/MyFace/client/src/redux/reducers/index.js","statementMap":{},"fnMap":{},"branchMap":{},"s":{},"f":{},"b":{},"hash":"deb8f8863e4fc003a1d5d21a2a40a74e315cea9f"}
,"/Users/boutrosbekhit/Documents/MyFace/client/src/redux/reducers/modalReducer.js": {"path":"/Users/boutrosbekhit/Documents/MyFace/client/src/redux/reducers/modalReducer.js","statementMap":{"0":{"start":{"line":3,"column":21},"end":{"line":3,"column":25}},"1":{"start":{"line":5,"column":21},"end":{"line":18,"column":1}},"2":{"start":{"line":6,"column":2},"end":{"line":17,"column":3}},"3":{"start":{"line":8,"column":40},"end":{"line":8,"column":54}},"4":{"start":{"line":9,"column":6},"end":{"line":12,"column":8}},"5":{"start":{"line":14,"column":6},"end":{"line":14,"column":18}},"6":{"start":{"line":16,"column":6},"end":{"line":16,"column":19}}},"fnMap":{"0":{"name":"(anonymous_0)","decl":{"start":{"line":5,"column":21},"end":{"line":5,"column":22}},"loc":{"start":{"line":5,"column":55},"end":{"line":18,"column":1}},"line":5}},"branchMap":{"0":{"loc":{"start":{"line":5,"column":22},"end":{"line":5,"column":42}},"type":"default-arg","locations":[{"start":{"line":5,"column":30},"end":{"line":5,"column":42}}],"line":5},"1":{"loc":{"start":{"line":6,"column":2},"end":{"line":17,"column":3}},"type":"switch","locations":[{"start":{"line":7,"column":4},"end":{"line":12,"column":8}},{"start":{"line":13,"column":4},"end":{"line":14,"column":18}},{"start":{"line":15,"column":4},"end":{"line":16,"column":19}}],"line":6}},"s":{"0":0,"1":0,"2":0,"3":0,"4":0,"5":0,"6":0},"f":{"0":0},"b":{"0":[0],"1":[0,0,0]},"hash":"16d09051fdd18988185c2ff609a1a9e6413d6866"}
,"/Users/boutrosbekhit/Documents/MyFace/client/src/redux/reducers/postReducer.js": {"path":"/Users/boutrosbekhit/Documents/MyFace/client/src/redux/reducers/postReducer.js","statementMap":{"0":{"start":{"line":11,"column":21},"end":{"line":11,"column":23}},"1":{"start":{"line":13,"column":20},"end":{"line":36,"column":1}},"2":{"start":{"line":14,"column":2},"end":{"line":35,"column":3}},"3":{"start":{"line":16,"column":6},"end":{"line":16,"column":40}},"4":{"start":{"line":18,"column":6},"end":{"line":18,"column":28}},"5":{"start":{"line":20,"column":6},"end":{"line":20,"column":63}},"6":{"start":{"line":20,"column":34},"end":{"line":20,"column":61}},"7":{"start":{"line":22,"column":6},"end":{"line":24,"column":8}},"8":{"start":{"line":23,"column":8},"end":{"line":23,"column":80}},"9":{"start":{"line":26,"column":6},"end":{"line":28,"column":8}},"10":{"start":{"line":27,"column":8},"end":{"line":27,"column":72}},"11":{"start":{"line":30,"column":6},"end":{"line":32,"column":8}},"12":{"start":{"line":31,"column":8},"end":{"line":31,"column":72}},"13":{"start":{"line":34,"column":6},"end":{"line":34,"column":19}}},"fnMap":{"0":{"name":"(anonymous_0)","decl":{"start":{"line":13,"column":20},"end":{"line":13,"column":21}},"loc":{"start":{"line":13,"column":54},"end":{"line":36,"column":1}},"line":13},"1":{"name":"(anonymous_1)","decl":{"start":{"line":20,"column":26},"end":{"line":20,"column":27}},"loc":{"start":{"line":20,"column":34},"end":{"line":20,"column":61}},"line":20},"2":{"name":"(anonymous_2)","decl":{"start":{"line":22,"column":23},"end":{"line":22,"column":24}},"loc":{"start":{"line":23,"column":8},"end":{"line":23,"column":80}},"line":23},"3":{"name":"(anonymous_3)","decl":{"start":{"line":26,"column":23},"end":{"line":26,"column":24}},"loc":{"start":{"line":27,"column":8},"end":{"line":27,"column":72}},"line":27},"4":{"name":"(anonymous_4)","decl":{"start":{"line":30,"column":23},"end":{"line":30,"column":24}},"loc":{"start":{"line":31,"column":8},"end":{"line":31,"column":72}},"line":31}},"branchMap":{"0":{"loc":{"start":{"line":13,"column":21},"end":{"line":13,"column":41}},"type":"default-arg","locations":[{"start":{"line":13,"column":29},"end":{"line":13,"column":41}}],"line":13},"1":{"loc":{"start":{"line":14,"column":2},"end":{"line":35,"column":3}},"type":"switch","locations":[{"start":{"line":15,"column":4},"end":{"line":16,"column":40}},{"start":{"line":17,"column":4},"end":{"line":18,"column":28}},{"start":{"line":19,"column":4},"end":{"line":20,"column":63}},{"start":{"line":21,"column":4},"end":{"line":24,"column":8}},{"start":{"line":25,"column":4},"end":{"line":28,"column":8}},{"start":{"line":29,"column":4},"end":{"line":32,"column":8}},{"start":{"line":33,"column":4},"end":{"line":34,"column":19}}],"line":14},"2":{"loc":{"start":{"line":23,"column":8},"end":{"line":23,"column":80}},"type":"cond-expr","locations":[{"start":{"line":23,"column":46},"end":{"line":23,"column":72}},{"start":{"line":23,"column":76},"end":{"line":23,"column":80}}],"line":23},"3":{"loc":{"start":{"line":27,"column":8},"end":{"line":27,"column":72}},"type":"cond-expr","locations":[{"start":{"line":27,"column":43},"end":{"line":27,"column":64}},{"start":{"line":27,"column":68},"end":{"line":27,"column":72}}],"line":27},"4":{"loc":{"start":{"line":31,"column":8},"end":{"line":31,"column":72}},"type":"cond-expr","locations":[{"start":{"line":31,"column":43},"end":{"line":31,"column":64}},{"start":{"line":31,"column":68},"end":{"line":31,"column":72}}],"line":31}},"s":{"0":1,"1":1,"2":8,"3":1,"4":1,"5":2,"6":4,"7":2,"8":4,"9":1,"10":2,"11":0,"12":0,"13":1},"f":{"0":8,"1":4,"2":4,"3":2,"4":0},"b":{"0":[2],"1":[1,1,2,2,1,0,1],"2":[1,3],"3":[1,1],"4":[0,0]},"_coverageSchema":"43e27e138ebf9cfc5966b082cf9a028302ed4184","hash":"827cb3fd3eb9ffc82aca592fc73ad94bd70c92bf"}
,"/Users/boutrosbekhit/Documents/MyFace/client/src/redux/reducers/profileReducer.js": {"path":"/Users/boutrosbekhit/Documents/MyFace/client/src/redux/reducers/profileReducer.js","statementMap":{"0":{"start":{"line":9,"column":21},"end":{"line":13,"column":1}},"1":{"start":{"line":15,"column":23},"end":{"line":49,"column":1}},"2":{"start":{"line":16,"column":2},"end":{"line":48,"column":3}},"3":{"start":{"line":18,"column":6},"end":{"line":21,"column":8}},"4":{"start":{"line":23,"column":6},"end":{"line":26,"column":8}},"5":{"start":{"line":28,"column":6},"end":{"line":35,"column":8}},"6":{"start":{"line":31,"column":10},"end":{"line":33,"column":21}},"7":{"start":{"line":37,"column":6},"end":{"line":40,"column":8}},"8":{"start":{"line":42,"column":6},"end":{"line":45,"column":8}},"9":{"start":{"line":44,"column":48},"end":{"line":44,"column":75}},"10":{"start":{"line":47,"column":6},"end":{"line":47,"column":19}}},"fnMap":{"0":{"name":"(anonymous_0)","decl":{"start":{"line":15,"column":23},"end":{"line":15,"column":24}},"loc":{"start":{"line":15,"column":57},"end":{"line":49,"column":1}},"line":15},"1":{"name":"(anonymous_1)","decl":{"start":{"line":30,"column":37},"end":{"line":30,"column":38}},"loc":{"start":{"line":31,"column":10},"end":{"line":33,"column":21}},"line":31},"2":{"name":"(anonymous_2)","decl":{"start":{"line":44,"column":40},"end":{"line":44,"column":41}},"loc":{"start":{"line":44,"column":48},"end":{"line":44,"column":75}},"line":44}},"branchMap":{"0":{"loc":{"start":{"line":15,"column":24},"end":{"line":15,"column":44}},"type":"default-arg","locations":[{"start":{"line":15,"column":32},"end":{"line":15,"column":44}}],"line":15},"1":{"loc":{"start":{"line":16,"column":2},"end":{"line":48,"column":3}},"type":"switch","locations":[{"start":{"line":17,"column":4},"end":{"line":21,"column":8}},{"start":{"line":22,"column":4},"end":{"line":26,"column":8}},{"start":{"line":27,"column":4},"end":{"line":35,"column":8}},{"start":{"line":36,"column":4},"end":{"line":40,"column":8}},{"start":{"line":41,"column":4},"end":{"line":45,"column":8}},{"start":{"line":46,"column":4},"end":{"line":47,"column":19}}],"line":16},"2":{"loc":{"start":{"line":31,"column":10},"end":{"line":33,"column":21}},"type":"cond-expr","locations":[{"start":{"line":32,"column":15},"end":{"line":32,"column":39}},{"start":{"line":33,"column":14},"end":{"line":33,"column":21}}],"line":31}},"s":{"0":0,"1":0,"2":0,"3":0,"4":0,"5":0,"6":0,"7":0,"8":0,"9":0,"10":0},"f":{"0":0,"1":0,"2":0},"b":{"0":[0],"1":[0,0,0,0,0,0],"2":[0,0]},"hash":"846e8f0e24bc5561556ac130252c5c36442aa83a"}
,"/Users/boutrosbekhit/Documents/MyFace/client/src/styles/Theme.js": {"path":"/Users/boutrosbekhit/Documents/MyFace/client/src/styles/Theme.js","statementMap":{"0":{"start":{"line":3,"column":20},"end":{"line":3,"column":29}},"1":{"start":{"line":4,"column":22},"end":{"line":4,"column":31}},"2":{"start":{"line":5,"column":25},"end":{"line":5,"column":34}},"3":{"start":{"line":6,"column":26},"end":{"line":6,"column":35}},"4":{"start":{"line":7,"column":19},"end":{"line":7,"column":28}},"5":{"start":{"line":8,"column":18},"end":{"line":8,"column":27}}},"fnMap":{},"branchMap":{},"s":{"0":1,"1":1,"2":1,"3":1,"4":1,"5":1},"f":{},"b":{},"_coverageSchema":"43e27e138ebf9cfc5966b082cf9a028302ed4184","hash":"a6aee6f1ae168ca8b778feffce1df60ecf81517a"}
,"/Users/boutrosbekhit/Documents/MyFace/client/src/tests/setupTests.js": {"path":"/Users/boutrosbekhit/Documents/MyFace/client/src/tests/setupTests.js","statementMap":{"0":{"start":{"line":4,"column":0},"end":{"line":4,"column":45}}},"fnMap":{},"branchMap":{},"s":{"0":0},"f":{},"b":{},"hash":"e6484dc102e041ad3b43751318a8c2d1c2b8d297"}
,"/Users/boutrosbekhit/Documents/MyFace/client/src/tests/mockData/mockData.js": {"path":"/Users/boutrosbekhit/Documents/MyFace/client/src/tests/mockData/mockData.js","statementMap":{},"fnMap":{},"branchMap":{},"s":{},"f":{},"b":{},"_coverageSchema":"43e27e138ebf9cfc5966b082cf9a028302ed4184","hash":"855b3bd97490f9c6136b3c857ad7a4adb54ece97"}
}
