TN:
SF:/Users/boutrosbekhit/Documents/MyFace/client/src/App.js
FN:26,(anonymous_0)
FN:76,App
FN:77,(anonymous_2)
FNF:3
FNH:0
FNDA:0,(anonymous_0)
FNDA:0,App
FNDA:0,(anonymous_2)
DA:26,0
DA:27,0
DA:28,0
DA:30,0
DA:77,0
DA:78,0
DA:79,0
DA:82,0
LF:8
LH:0
BRDA:34,0,0,0
BRDA:34,0,1,0
BRDA:34,0,2,0
BRDA:78,1,0,0
BRDA:78,1,1,0
BRF:5
BRH:0
end_of_record
TN:
SF:/Users/boutrosbekhit/Documents/MyFace/client/src/index.js
FNF:0
FNH:0
DA:5,0
LF:1
LH:0
BRF:0
BRH:0
end_of_record
TN:
SF:/Users/boutrosbekhit/Documents/MyFace/client/src/components/Alert/AlertComponent.js
FN:6,(anonymous_0)
FN:8,(anonymous_1)
FN:33,(anonymous_2)
FNF:3
FNH:0
FNDA:0,(anonymous_0)
FNDA:0,(anonymous_1)
FNDA:0,(anonymous_2)
DA:6,0
DA:7,0
DA:8,0
DA:9,0
DA:12,0
DA:33,0
LF:6
LH:0
BRDA:13,0,0,0
BRDA:13,0,1,0
BRDA:13,0,2,0
BRDA:25,1,0,0
BRDA:25,1,1,0
BRF:5
BRH:0
end_of_record
TN:
SF:/Users/boutrosbekhit/Documents/MyFace/client/src/components/Auth/AcountActivate.js
FN:11,(anonymous_0)
FN:22,AccountActivate
FN:28,(anonymous_2)
FNF:3
FNH:0
FNDA:0,(anonymous_0)
FNDA:0,AccountActivate
FNDA:0,(anonymous_2)
DA:11,0
DA:28,0
DA:29,0
DA:30,0
DA:31,0
DA:33,0
DA:34,0
DA:35,0
DA:36,0
LF:9
LH:0
BRDA:41,0,0,0
BRDA:41,0,1,0
BRF:2
BRH:0
end_of_record
TN:
SF:/Users/boutrosbekhit/Documents/MyFace/client/src/components/Auth/GoogleLoginComponent.js
FN:7,(anonymous_0)
FN:8,(anonymous_1)
FNF:2
FNH:0
FNDA:0,(anonymous_0)
FNDA:0,(anonymous_1)
DA:7,0
DA:8,0
DA:10,0
DA:11,0
DA:12,0
DA:13,0
DA:14,0
DA:17,0
LF:8
LH:0
BRDA:13,0,0,0
BRDA:13,0,1,0
BRF:2
BRH:0
end_of_record
TN:
SF:/Users/boutrosbekhit/Documents/MyFace/client/src/components/Auth/Login.js
FN:18,(anonymous_0)
FN:66,(anonymous_1)
FN:88,(anonymous_2)
FN:105,(anonymous_3)
FN:139,(anonymous_4)
FN:156,(anonymous_5)
FN:160,(anonymous_6)
FN:304,(anonymous_7)
FNF:8
FNH:0
FNDA:0,(anonymous_0)
FNDA:0,(anonymous_1)
FNDA:0,(anonymous_2)
FNDA:0,(anonymous_3)
FNDA:0,(anonymous_4)
FNDA:0,(anonymous_5)
FNDA:0,(anonymous_6)
FNDA:0,(anonymous_7)
DA:18,0
DA:66,0
DA:88,0
DA:89,0
DA:93,0
DA:97,0
DA:98,0
DA:99,0
DA:100,0
DA:101,0
DA:102,0
DA:103,0
DA:105,0
DA:108,0
DA:110,0
DA:111,0
DA:115,0
DA:116,0
DA:118,0
DA:120,0
DA:122,0
DA:123,0
DA:125,0
DA:126,0
DA:131,0
DA:133,0
DA:135,0
DA:139,0
DA:140,0
DA:141,0
DA:142,0
DA:143,0
DA:144,0
DA:145,0
DA:149,0
DA:150,0
DA:151,0
DA:152,0
DA:156,0
DA:157,0
DA:160,0
DA:161,0
DA:162,0
DA:166,0
DA:167,0
DA:170,0
DA:304,0
LF:47
LH:0
BRDA:108,0,0,0
BRDA:108,0,1,0
BRDA:108,0,2,0
BRDA:115,1,0,0
BRDA:115,1,1,0
BRDA:125,2,0,0
BRDA:125,2,1,0
BRDA:144,3,0,0
BRDA:144,3,1,0
BRDA:151,4,0,0
BRDA:151,4,1,0
BRDA:161,5,0,0
BRDA:161,5,1,0
BRDA:166,6,0,0
BRDA:166,6,1,0
BRDA:172,7,0,0
BRDA:172,7,1,0
BRDA:263,8,0,0
BRDA:263,8,1,0
BRDA:267,9,0,0
BRDA:267,9,1,0
BRDA:267,9,2,0
BRDA:267,9,3,0
BRF:23
BRH:0
end_of_record
TN:
SF:/Users/boutrosbekhit/Documents/MyFace/client/src/components/Auth/NewPassword.js
FN:11,(anonymous_0)
FN:33,(anonymous_1)
FN:60,(anonymous_2)
FN:73,(anonymous_3)
FN:92,(anonymous_4)
FNF:5
FNH:0
FNDA:0,(anonymous_0)
FNDA:0,(anonymous_1)
FNDA:0,(anonymous_2)
FNDA:0,(anonymous_3)
FNDA:0,(anonymous_4)
DA:11,0
DA:33,0
DA:60,0
DA:67,0
DA:68,0
DA:69,0
DA:70,0
DA:71,0
DA:73,0
DA:76,0
DA:78,0
DA:79,0
DA:81,0
DA:82,0
DA:84,0
DA:86,0
DA:88,0
DA:92,0
DA:93,0
DA:94,0
DA:98,0
DA:99,0
DA:100,0
DA:104,0
LF:24
LH:0
BRDA:76,0,0,0
BRDA:76,0,1,0
BRDA:81,1,0,0
BRDA:81,1,1,0
BRDA:99,2,0,0
BRDA:99,2,1,0
BRDA:147,3,0,0
BRDA:147,3,1,0
BRDA:150,4,0,0
BRDA:150,4,1,0
BRF:10
BRH:0
end_of_record
TN:
SF:/Users/boutrosbekhit/Documents/MyFace/client/src/components/Auth/ResetPassword.js
FN:11,(anonymous_0)
FN:33,(anonymous_1)
FN:60,(anonymous_2)
FN:67,(anonymous_3)
FN:88,(anonymous_4)
FNF:5
FNH:0
FNDA:0,(anonymous_0)
FNDA:0,(anonymous_1)
FNDA:0,(anonymous_2)
FNDA:0,(anonymous_3)
FNDA:0,(anonymous_4)
DA:11,0
DA:33,0
DA:60,0
DA:61,0
DA:62,0
DA:63,0
DA:64,0
DA:65,0
DA:67,0
DA:70,0
DA:72,0
DA:73,0
DA:77,0
DA:78,0
DA:80,0
DA:82,0
DA:84,0
DA:88,0
DA:89,0
DA:90,0
DA:91,0
DA:92,0
DA:93,0
DA:97,0
LF:24
LH:0
BRDA:70,0,0,0
BRDA:70,0,1,0
BRDA:77,1,0,0
BRDA:77,1,1,0
BRDA:91,2,0,0
BRDA:91,2,1,0
BRDA:140,3,0,0
BRDA:140,3,1,0
BRDA:143,4,0,0
BRDA:143,4,1,0
BRF:10
BRH:0
end_of_record
TN:
SF:/Users/boutrosbekhit/Documents/MyFace/client/src/components/Auth/Signup.js
FN:16,(anonymous_0)
FN:64,(anonymous_1)
FN:86,(anonymous_2)
FN:104,(anonymous_3)
FN:150,(anonymous_4)
FN:301,(anonymous_5)
FNF:6
FNH:0
FNDA:0,(anonymous_0)
FNDA:0,(anonymous_1)
FNDA:0,(anonymous_2)
FNDA:0,(anonymous_3)
FNDA:0,(anonymous_4)
FNDA:0,(anonymous_5)
DA:16,0
DA:64,0
DA:86,0
DA:87,0
DA:92,0
DA:97,0
DA:98,0
DA:99,0
DA:100,0
DA:101,0
DA:102,0
DA:104,0
DA:107,0
DA:109,0
DA:110,0
DA:113,0
DA:114,0
DA:116,0
DA:118,0
DA:120,0
DA:121,0
DA:123,0
DA:124,0
DA:129,0
DA:131,0
DA:133,0
DA:134,0
DA:136,0
DA:137,0
DA:142,0
DA:144,0
DA:146,0
DA:150,0
DA:151,0
DA:152,0
DA:153,0
DA:154,0
DA:155,0
DA:160,0
DA:163,0
DA:164,0
DA:167,0
DA:301,0
LF:43
LH:0
BRDA:107,0,0,0
BRDA:107,0,1,0
BRDA:107,0,2,0
BRDA:107,0,3,0
BRDA:113,1,0,0
BRDA:113,1,1,0
BRDA:123,2,0,0
BRDA:123,2,1,0
BRDA:136,3,0,0
BRDA:136,3,1,0
BRDA:163,4,0,0
BRDA:163,4,1,0
BRDA:169,5,0,0
BRDA:169,5,1,0
BRDA:257,6,0,0
BRDA:257,6,1,0
BRDA:261,7,0,0
BRDA:261,7,1,0
BRDA:261,7,2,0
BRDA:261,7,3,0
BRDA:261,7,4,0
BRDA:261,7,5,0
BRF:22
BRH:0
end_of_record
TN:
SF:/Users/boutrosbekhit/Documents/MyFace/client/src/components/Layout/Header.js
FN:22,(anonymous_0)
FN:34,(anonymous_1)
FN:126,(anonymous_2)
FN:139,(anonymous_3)
FN:143,(anonymous_4)
FN:144,(anonymous_5)
FN:167,(anonymous_6)
FN:174,(anonymous_7)
FN:187,(anonymous_8)
FN:228,(anonymous_9)
FN:229,(anonymous_10)
FN:234,(anonymous_11)
FN:243,(anonymous_12)
FN:262,(anonymous_13)
FN:266,(anonymous_14)
FN:294,(anonymous_15)
FN:303,(anonymous_16)
FN:315,(anonymous_17)
FN:332,(anonymous_18)
FN:346,(anonymous_19)
FNF:20
FNH:0
FNDA:0,(anonymous_0)
FNDA:0,(anonymous_1)
FNDA:0,(anonymous_2)
FNDA:0,(anonymous_3)
FNDA:0,(anonymous_4)
FNDA:0,(anonymous_5)
FNDA:0,(anonymous_6)
FNDA:0,(anonymous_7)
FNDA:0,(anonymous_8)
FNDA:0,(anonymous_9)
FNDA:0,(anonymous_10)
FNDA:0,(anonymous_11)
FNDA:0,(anonymous_12)
FNDA:0,(anonymous_13)
FNDA:0,(anonymous_14)
FNDA:0,(anonymous_15)
FNDA:0,(anonymous_16)
FNDA:0,(anonymous_17)
FNDA:0,(anonymous_18)
FNDA:0,(anonymous_19)
DA:22,0
DA:23,0
DA:24,0
DA:29,0
DA:34,0
DA:126,0
DA:127,0
DA:128,0
DA:129,0
DA:130,0
DA:131,0
DA:133,0
DA:139,0
DA:140,0
DA:143,0
DA:144,0
DA:145,0
DA:147,0
DA:148,0
DA:149,0
DA:153,0
DA:156,0
DA:158,0
DA:163,0
DA:168,0
DA:175,0
DA:176,0
DA:178,0
DA:184,0
DA:188,0
DA:197,0
DA:223,0
DA:228,0
DA:229,0
DA:235,0
DA:244,0
DA:245,0
DA:246,0
DA:247,0
DA:263,0
DA:267,0
DA:268,0
DA:270,0
DA:271,0
DA:295,0
DA:304,0
DA:305,0
DA:315,0
DA:323,0
DA:332,0
DA:346,0
LF:51
LH:0
BRDA:30,0,0,0
BRDA:30,0,1,0
BRDA:130,1,0,0
BRDA:130,1,1,0
BRDA:145,2,0,0
BRDA:145,2,1,0
BRDA:147,3,0,0
BRDA:147,3,1,0
BRDA:149,4,0,0
BRDA:149,4,1,0
BRDA:150,5,0,0
BRDA:150,5,1,0
BRDA:175,6,0,0
BRDA:175,6,1,0
BRDA:217,7,0,0
BRDA:217,7,1,0
BRDA:246,8,0,0
BRDA:246,8,1,0
BRDA:246,9,0,0
BRDA:246,9,1,0
BRDA:257,10,0,0
BRDA:257,10,1,0
BRDA:267,11,0,0
BRDA:267,11,1,0
BRDA:283,12,0,0
BRDA:283,12,1,0
BRDA:337,13,0,0
BRDA:337,13,1,0
BRF:28
BRH:0
end_of_record
TN:
SF:/Users/boutrosbekhit/Documents/MyFace/client/src/components/Layout/Landing.js
FN:6,(anonymous_0)
FNF:1
FNH:1
FNDA:1,(anonymous_0)
DA:6,1
DA:7,1
LF:2
LH:2
BRF:0
BRH:0
end_of_record
TN:
SF:/Users/boutrosbekhit/Documents/MyFace/client/src/components/Modal/ConfirmModal.js
FN:12,(anonymous_0)
FN:15,(anonymous_1)
FN:38,(anonymous_2)
FN:47,(anonymous_3)
FNF:4
FNH:0
FNDA:0,(anonymous_0)
FNDA:0,(anonymous_1)
FNDA:0,(anonymous_2)
FNDA:0,(anonymous_3)
DA:12,0
DA:13,0
DA:15,0
DA:16,0
DA:19,0
DA:39,0
DA:40,0
DA:48,0
DA:49,0
DA:50,0
LF:10
LH:0
BRF:0
BRH:0
end_of_record
TN:
SF:/Users/boutrosbekhit/Documents/MyFace/client/src/components/Modal/ModalManager.js
FN:9,(anonymous_0)
FN:19,(anonymous_1)
FNF:2
FNH:0
FNDA:0,(anonymous_0)
FNDA:0,(anonymous_1)
DA:5,0
DA:9,0
DA:11,0
DA:12,0
DA:13,0
DA:14,0
DA:16,0
DA:19,0
LF:8
LH:0
BRDA:11,0,0,0
BRDA:11,0,1,0
BRF:2
BRH:0
end_of_record
TN:
SF:/Users/boutrosbekhit/Documents/MyFace/client/src/components/Post/AddPost.js
FN:7,(anonymous_0)
FN:8,(anonymous_1)
FN:20,(anonymous_2)
FN:25,(anonymous_3)
FNF:4
FNH:0
FNDA:0,(anonymous_0)
FNDA:0,(anonymous_1)
FNDA:0,(anonymous_2)
FNDA:0,(anonymous_3)
DA:7,0
DA:8,0
DA:9,0
DA:10,0
DA:11,0
DA:15,0
DA:16,0
DA:18,0
DA:20,0
DA:25,0
LF:10
LH:0
BRDA:10,0,0,0
BRDA:10,0,1,0
BRDA:15,1,0,0
BRDA:15,1,1,0
BRF:4
BRH:0
end_of_record
TN:
SF:/Users/boutrosbekhit/Documents/MyFace/client/src/components/Post/Comments.js
FN:23,(anonymous_0)
FN:58,(anonymous_1)
FN:66,(anonymous_2)
FN:70,(anonymous_3)
FN:124,(anonymous_4)
FN:135,(anonymous_5)
FN:189,(anonymous_6)
FN:207,(anonymous_7)
FN:208,(anonymous_8)
FNF:9
FNH:0
FNDA:0,(anonymous_0)
FNDA:0,(anonymous_1)
FNDA:0,(anonymous_2)
FNDA:0,(anonymous_3)
FNDA:0,(anonymous_4)
FNDA:0,(anonymous_5)
FNDA:0,(anonymous_6)
FNDA:0,(anonymous_7)
FNDA:0,(anonymous_8)
DA:23,0
DA:58,0
DA:65,0
DA:66,0
DA:67,0
DA:69,0
DA:70,0
DA:71,0
DA:73,0
DA:125,0
DA:126,0
DA:136,0
DA:189,0
DA:207,0
DA:208,0
LF:15
LH:0
BRDA:76,0,0,0
BRDA:76,0,1,0
BRDA:134,1,0,0
BRDA:134,1,1,0
BRDA:134,2,0,0
BRDA:134,2,1,0
BRDA:171,3,0,0
BRDA:171,3,1,0
BRF:8
BRH:0
end_of_record
TN:
SF:/Users/boutrosbekhit/Documents/MyFace/client/src/components/Post/EditPost.js
FN:7,(anonymous_0)
FN:14,(anonymous_1)
FN:18,(anonymous_2)
FN:30,(anonymous_3)
FN:35,(anonymous_4)
FN:36,(anonymous_5)
FNF:6
FNH:0
FNDA:0,(anonymous_0)
FNDA:0,(anonymous_1)
FNDA:0,(anonymous_2)
FNDA:0,(anonymous_3)
FNDA:0,(anonymous_4)
FNDA:0,(anonymous_5)
DA:7,0
DA:14,0
DA:15,0
DA:18,0
DA:19,0
DA:20,0
DA:21,0
DA:25,0
DA:26,0
DA:28,0
DA:30,0
DA:35,0
DA:36,0
LF:13
LH:0
BRDA:20,0,0,0
BRDA:20,0,1,0
BRDA:25,1,0,0
BRDA:25,1,1,0
BRF:4
BRH:0
end_of_record
TN:
SF:/Users/boutrosbekhit/Documents/MyFace/client/src/components/Post/PostForm.js
FN:8,(anonymous_0)
FN:20,(anonymous_1)
FN:42,(anonymous_2)
FN:56,(anonymous_3)
FN:85,(anonymous_4)
FN:169,(anonymous_5)
FNF:6
FNH:2
FNDA:1,(anonymous_0)
FNDA:0,(anonymous_1)
FNDA:1,(anonymous_2)
FNDA:0,(anonymous_3)
FNDA:0,(anonymous_4)
FNDA:0,(anonymous_5)
DA:8,1
DA:20,1
DA:42,1
DA:43,1
DA:47,1
DA:51,1
DA:52,1
DA:53,1
DA:54,1
DA:56,1
DA:58,0
DA:60,0
DA:61,0
DA:62,0
DA:63,0
DA:65,0
DA:67,0
DA:69,0
DA:70,0
DA:71,0
DA:72,0
DA:77,0
DA:79,0
DA:81,0
DA:85,1
DA:86,0
DA:87,0
DA:91,0
DA:94,1
DA:169,1
LF:30
LH:13
BRDA:44,0,0,0
BRDA:44,0,1,1
BRDA:45,1,0,0
BRDA:45,1,1,1
BRDA:58,2,0,0
BRDA:58,2,1,0
BRDA:58,2,2,0
BRDA:62,3,0,0
BRDA:62,3,1,0
BRDA:71,4,0,0
BRDA:71,4,1,0
BRDA:157,5,0,1
BRDA:157,5,1,1
BRDA:157,5,2,0
BRDA:157,5,3,0
BRF:15
BRH:4
end_of_record
TN:
SF:/Users/boutrosbekhit/Documents/MyFace/client/src/components/Post/PostList.js
FN:20,(anonymous_0)
FN:60,(anonymous_1)
FN:73,(anonymous_2)
FN:77,(anonymous_3)
FN:88,(anonymous_4)
FN:151,(anonymous_5)
FN:166,(anonymous_6)
FN:203,(anonymous_7)
FNF:8
FNH:3
FNDA:1,(anonymous_0)
FNDA:2,(anonymous_1)
FNDA:0,(anonymous_2)
FNDA:0,(anonymous_3)
FNDA:2,(anonymous_4)
FNDA:0,(anonymous_5)
FNDA:0,(anonymous_6)
FNDA:0,(anonymous_7)
DA:20,1
DA:60,1
DA:68,2
DA:69,2
DA:70,2
DA:71,2
DA:73,2
DA:74,0
DA:77,2
DA:78,0
DA:79,0
DA:80,0
DA:81,0
DA:84,2
DA:89,2
DA:152,0
DA:167,0
DA:203,1
LF:18
LH:11
BRDA:87,0,0,1
BRDA:87,0,1,1
BRDA:133,1,0,0
BRDA:133,1,1,2
BRDA:167,2,0,0
BRDA:167,2,1,0
BRDA:172,3,0,0
BRDA:172,3,1,2
BRDA:182,4,0,0
BRDA:182,4,1,2
BRDA:193,5,0,2
BRDA:193,5,1,0
BRDA:193,6,0,2
BRDA:193,6,1,2
BRF:14
BRH:8
end_of_record
TN:
SF:/Users/boutrosbekhit/Documents/MyFace/client/src/components/Profile/AddProfile.js
FN:8,(anonymous_0)
FN:9,(anonymous_1)
FN:22,(anonymous_2)
FN:27,(anonymous_3)
FNF:4
FNH:0
FNDA:0,(anonymous_0)
FNDA:0,(anonymous_1)
FNDA:0,(anonymous_2)
FNDA:0,(anonymous_3)
DA:8,0
DA:9,0
DA:10,0
DA:11,0
DA:12,0
DA:13,0
DA:17,0
DA:18,0
DA:20,0
DA:22,0
DA:27,0
LF:11
LH:0
BRDA:11,0,0,0
BRDA:11,0,1,0
BRDA:17,1,0,0
BRDA:17,1,1,0
BRF:4
BRH:0
end_of_record
TN:
SF:/Users/boutrosbekhit/Documents/MyFace/client/src/components/Profile/Profile.js
FN:17,(anonymous_0)
FN:46,(anonymous_1)
FN:52,(anonymous_2)
FN:156,(anonymous_3)
FN:178,(anonymous_4)
FNF:5
FNH:0
FNDA:0,(anonymous_0)
FNDA:0,(anonymous_1)
FNDA:0,(anonymous_2)
FNDA:0,(anonymous_3)
FNDA:0,(anonymous_4)
DA:17,0
DA:46,0
DA:51,0
DA:52,0
DA:53,0
DA:56,0
DA:156,0
DA:178,0
LF:8
LH:0
BRDA:58,0,0,0
BRDA:58,0,1,0
BRDA:58,1,0,0
BRDA:58,1,1,0
BRF:4
BRH:0
end_of_record
TN:
SF:/Users/boutrosbekhit/Documents/MyFace/client/src/components/Profile/ProfileForm.js
FN:8,(anonymous_0)
FN:20,(anonymous_1)
FN:42,(anonymous_2)
FN:58,(anonymous_3)
FN:99,(anonymous_4)
FN:206,(anonymous_5)
FNF:6
FNH:0
FNDA:0,(anonymous_0)
FNDA:0,(anonymous_1)
FNDA:0,(anonymous_2)
FNDA:0,(anonymous_3)
FNDA:0,(anonymous_4)
FNDA:0,(anonymous_5)
DA:8,0
DA:20,0
DA:42,0
DA:43,0
DA:48,0
DA:53,0
DA:54,0
DA:55,0
DA:56,0
DA:58,0
DA:60,0
DA:62,0
DA:63,0
DA:64,0
DA:65,0
DA:67,0
DA:69,0
DA:71,0
DA:72,0
DA:73,0
DA:74,0
DA:79,0
DA:81,0
DA:83,0
DA:84,0
DA:85,0
DA:86,0
DA:91,0
DA:93,0
DA:95,0
DA:99,0
DA:100,0
DA:101,0
DA:104,0
DA:107,0
DA:206,0
LF:36
LH:0
BRDA:44,0,0,0
BRDA:44,0,1,0
BRDA:45,1,0,0
BRDA:45,1,1,0
BRDA:46,2,0,0
BRDA:46,2,1,0
BRDA:60,3,0,0
BRDA:60,3,1,0
BRDA:60,3,2,0
BRDA:60,3,3,0
BRDA:64,4,0,0
BRDA:64,4,1,0
BRDA:73,5,0,0
BRDA:73,5,1,0
BRDA:85,6,0,0
BRDA:85,6,1,0
BRDA:189,7,0,0
BRDA:189,7,1,0
BRDA:189,7,2,0
BRDA:189,7,3,0
BRDA:189,7,4,0
BRDA:189,7,5,0
BRF:22
BRH:0
end_of_record
TN:
SF:/Users/boutrosbekhit/Documents/MyFace/client/src/components/Profile/Profiles.js
FN:17,(anonymous_0)
FN:46,(anonymous_1)
FN:55,(anonymous_2)
FN:63,(anonymous_3)
FN:111,(anonymous_4)
FN:145,(anonymous_5)
FNF:6
FNH:0
FNDA:0,(anonymous_0)
FNDA:0,(anonymous_1)
FNDA:0,(anonymous_2)
FNDA:0,(anonymous_3)
FNDA:0,(anonymous_4)
FNDA:0,(anonymous_5)
DA:17,0
DA:46,0
DA:54,0
DA:55,0
DA:56,0
DA:57,0
DA:60,0
DA:64,0
DA:112,0
DA:145,0
LF:10
LH:0
BRDA:62,0,0,0
BRDA:62,0,1,0
BRDA:62,1,0,0
BRDA:62,1,1,0
BRDA:108,2,0,0
BRDA:108,2,1,0
BRDA:112,3,0,0
BRDA:112,3,1,0
BRDA:127,4,0,0
BRDA:127,4,1,0
BRDA:132,5,0,0
BRDA:132,5,1,0
BRF:12
BRH:0
end_of_record
TN:
SF:/Users/boutrosbekhit/Documents/MyFace/client/src/components/Profile/ToFollow.js
FN:17,(anonymous_0)
FN:46,(anonymous_1)
FN:56,(anonymous_2)
FN:64,(anonymous_3)
FN:112,(anonymous_4)
FN:140,(anonymous_5)
FNF:6
FNH:0
FNDA:0,(anonymous_0)
FNDA:0,(anonymous_1)
FNDA:0,(anonymous_2)
FNDA:0,(anonymous_3)
FNDA:0,(anonymous_4)
FNDA:0,(anonymous_5)
DA:17,0
DA:46,0
DA:55,0
DA:56,0
DA:57,0
DA:58,0
DA:61,0
DA:65,0
DA:113,0
DA:119,0
DA:140,0
LF:11
LH:0
BRDA:63,0,0,0
BRDA:63,0,1,0
BRDA:63,1,0,0
BRDA:63,1,1,0
BRDA:109,2,0,0
BRDA:109,2,1,0
BRDA:122,3,0,0
BRDA:122,3,1,0
BRDA:127,4,0,0
BRDA:127,4,1,0
BRF:10
BRH:0
end_of_record
TN:
SF:/Users/boutrosbekhit/Documents/MyFace/client/src/components/Spinner/Spinner.js
FN:4,(anonymous_0)
FNF:1
FNH:0
FNDA:0,(anonymous_0)
DA:4,1
DA:5,0
DA:17,0
LF:3
LH:1
BRF:0
BRH:0
end_of_record
TN:
SF:/Users/boutrosbekhit/Documents/MyFace/client/src/redux/store.js
FNF:0
FNH:0
DA:6,0
DA:8,0
DA:10,0
LF:3
LH:0
BRF:0
BRH:0
end_of_record
TN:
SF:/Users/boutrosbekhit/Documents/MyFace/client/src/redux/actions/alertActions.js
FN:3,(anonymous_0)
FN:3,(anonymous_1)
FN:12,(anonymous_2)
FN:14,(anonymous_3)
FNF:4
FNH:3
FNDA:1,(anonymous_0)
FNDA:1,(anonymous_1)
FNDA:0,(anonymous_2)
FNDA:1,(anonymous_3)
DA:3,3
DA:4,1
DA:12,1
DA:14,3
DA:15,1
LF:5
LH:5
BRF:0
BRH:0
end_of_record
TN:
SF:/Users/boutrosbekhit/Documents/MyFace/client/src/redux/actions/authActions.js
FN:5,(anonymous_0)
FN:5,(anonymous_1)
FN:20,(anonymous_2)
FN:20,(anonymous_3)
FN:35,(anonymous_4)
FN:35,(anonymous_5)
FN:54,(anonymous_6)
FN:54,(anonymous_7)
FN:62,(anonymous_8)
FN:62,(anonymous_9)
FN:84,(anonymous_10)
FN:84,(anonymous_11)
FN:102,(anonymous_12)
FN:102,(anonymous_13)
FN:119,(anonymous_14)
FN:119,(anonymous_15)
FNF:16
FNH:0
FNDA:0,(anonymous_0)
FNDA:0,(anonymous_1)
FNDA:0,(anonymous_2)
FNDA:0,(anonymous_3)
FNDA:0,(anonymous_4)
FNDA:0,(anonymous_5)
FNDA:0,(anonymous_6)
FNDA:0,(anonymous_7)
FNDA:0,(anonymous_8)
FNDA:0,(anonymous_9)
FNDA:0,(anonymous_10)
FNDA:0,(anonymous_11)
FNDA:0,(anonymous_12)
FNDA:0,(anonymous_13)
FNDA:0,(anonymous_14)
FNDA:0,(anonymous_15)
DA:5,0
DA:6,0
DA:11,0
DA:12,0
DA:13,0
DA:14,0
DA:16,0
DA:20,0
DA:21,0
DA:26,0
DA:27,0
DA:28,0
DA:29,0
DA:31,0
DA:35,0
DA:36,0
DA:41,0
DA:42,0
DA:43,0
DA:44,0
DA:45,0
DA:46,0
DA:47,0
DA:49,0
DA:50,0
DA:54,0
DA:55,0
DA:56,0
DA:59,0
DA:62,0
DA:63,0
DA:69,0
DA:70,0
DA:71,0
DA:72,0
DA:77,0
DA:84,0
DA:85,0
DA:90,0
DA:91,0
DA:92,0
DA:93,0
DA:94,0
DA:95,0
DA:96,0
DA:98,0
DA:102,0
DA:103,0
DA:108,0
DA:109,0
DA:110,0
DA:111,0
DA:112,0
DA:114,0
DA:115,0
DA:119,0
DA:120,0
DA:125,0
DA:126,0
DA:127,0
DA:128,0
DA:129,0
DA:131,0
LF:63
LH:0
BRF:0
BRH:0
end_of_record
TN:
SF:/Users/boutrosbekhit/Documents/MyFace/client/src/redux/actions/modalActions.js
FN:3,(anonymous_0)
FN:12,(anonymous_1)
FNF:2
FNH:0
FNDA:0,(anonymous_0)
FNDA:0,(anonymous_1)
DA:3,1
DA:4,0
DA:12,1
DA:13,0
LF:4
LH:2
BRF:0
BRH:0
end_of_record
TN:
SF:/Users/boutrosbekhit/Documents/MyFace/client/src/redux/actions/postActions.js
FN:20,(anonymous_0)
FN:20,(anonymous_1)
FN:41,(anonymous_2)
FN:41,(anonymous_3)
FN:56,(anonymous_4)
FN:56,(anonymous_5)
FN:76,(anonymous_6)
FN:76,(anonymous_7)
FN:100,(anonymous_8)
FN:100,(anonymous_9)
FN:125,(anonymous_10)
FN:125,(anonymous_11)
FN:147,(anonymous_12)
FN:147,(anonymous_13)
FN:167,(anonymous_14)
FN:167,(anonymous_15)
FNF:16
FNH:4
FNDA:1,(anonymous_0)
FNDA:1,(anonymous_1)
FNDA:1,(anonymous_2)
FNDA:1,(anonymous_3)
FNDA:0,(anonymous_4)
FNDA:0,(anonymous_5)
FNDA:0,(anonymous_6)
FNDA:0,(anonymous_7)
FNDA:0,(anonymous_8)
FNDA:0,(anonymous_9)
FNDA:0,(anonymous_10)
FNDA:0,(anonymous_11)
FNDA:0,(anonymous_12)
FNDA:0,(anonymous_13)
FNDA:0,(anonymous_14)
FNDA:0,(anonymous_15)
DA:12,2
DA:13,2
DA:20,2
DA:21,1
DA:22,1
DA:23,1
DA:29,1
DA:30,1
DA:31,1
DA:35,0
DA:37,0
DA:41,2
DA:42,1
DA:43,1
DA:44,1
DA:46,1
DA:47,1
DA:56,2
DA:57,0
DA:58,0
DA:64,0
DA:65,0
DA:66,0
DA:67,0
DA:72,0
DA:76,2
DA:77,0
DA:79,0
DA:80,0
DA:86,0
DA:87,0
DA:88,0
DA:89,0
DA:90,0
DA:94,0
DA:96,0
DA:100,2
DA:101,0
DA:102,0
DA:103,0
DA:109,0
DA:110,0
DA:116,0
DA:121,0
DA:125,2
DA:126,0
DA:127,0
DA:133,0
DA:134,0
DA:138,0
DA:143,0
DA:147,2
DA:148,0
DA:149,0
DA:150,0
DA:156,0
DA:157,0
DA:158,0
DA:163,0
DA:167,2
DA:168,0
DA:169,0
DA:170,0
DA:176,0
DA:177,0
DA:182,0
DA:187,0
LF:67
LH:21
BRDA:41,0,0,1
BRF:1
BRH:1
end_of_record
TN:
SF:/Users/boutrosbekhit/Documents/MyFace/client/src/redux/actions/profileActions.js
FN:12,(anonymous_0)
FN:12,(anonymous_1)
FN:34,(anonymous_2)
FN:34,(anonymous_3)
FN:55,(anonymous_4)
FN:55,(anonymous_5)
FN:75,(anonymous_6)
FN:80,(anonymous_7)
FN:105,(anonymous_8)
FN:110,(anonymous_9)
FN:135,(anonymous_10)
FN:135,(anonymous_11)
FN:157,(anonymous_12)
FN:157,(anonymous_13)
FNF:14
FNH:0
FNDA:0,(anonymous_0)
FNDA:0,(anonymous_1)
FNDA:0,(anonymous_2)
FNDA:0,(anonymous_3)
FNDA:0,(anonymous_4)
FNDA:0,(anonymous_5)
FNDA:0,(anonymous_6)
FNDA:0,(anonymous_7)
FNDA:0,(anonymous_8)
FNDA:0,(anonymous_9)
FNDA:0,(anonymous_10)
FNDA:0,(anonymous_11)
FNDA:0,(anonymous_12)
FNDA:0,(anonymous_13)
DA:12,0
DA:13,0
DA:14,0
DA:20,0
DA:21,0
DA:22,0
DA:27,0
DA:34,0
DA:35,0
DA:36,0
DA:37,0
DA:43,0
DA:44,0
DA:45,0
DA:49,0
DA:51,0
DA:55,0
DA:56,0
DA:61,0
DA:62,0
DA:63,0
DA:68,0
DA:75,0
DA:80,0
DA:81,0
DA:82,0
DA:88,0
DA:94,0
DA:95,0
DA:96,0
DA:101,0
DA:105,0
DA:110,0
DA:111,0
DA:112,0
DA:118,0
DA:124,0
DA:125,0
DA:126,0
DA:131,0
DA:135,0
DA:136,0
DA:137,0
DA:143,0
DA:144,0
DA:145,0
DA:150,0
DA:157,0
DA:158,0
LF:49
LH:0
BRF:0
BRH:0
end_of_record
TN:
SF:/Users/boutrosbekhit/Documents/MyFace/client/src/redux/actions/types.js
FNF:0
FNH:0
DA:1,4
DA:2,4
DA:3,4
DA:4,4
DA:5,4
DA:6,4
DA:7,4
DA:8,4
DA:9,4
DA:10,4
DA:11,4
DA:12,4
DA:13,4
DA:14,4
DA:15,4
DA:16,4
DA:17,4
DA:18,4
DA:19,4
DA:20,4
DA:21,4
DA:22,4
LF:22
LH:22
BRF:0
BRH:0
end_of_record
TN:
SF:/Users/boutrosbekhit/Documents/MyFace/client/src/redux/reducers/alertReducer.js
FN:5,(anonymous_0)
FNF:1
FNH:0
FNDA:0,(anonymous_0)
DA:3,0
DA:5,0
DA:6,0
DA:8,0
DA:9,0
DA:15,0
DA:17,0
LF:7
LH:0
BRDA:5,0,0,0
BRDA:6,1,0,0
BRDA:6,1,1,0
BRDA:6,1,2,0
BRF:4
BRH:0
end_of_record
TN:
SF:/Users/boutrosbekhit/Documents/MyFace/client/src/redux/reducers/authReducer.js
FN:8,(anonymous_0)
FNF:1
FNH:0
FNDA:0,(anonymous_0)
DA:3,0
DA:9,0
DA:11,0
DA:17,0
DA:22,0
LF:5
LH:0
BRDA:8,0,0,0
BRDA:9,1,0,0
BRDA:9,1,1,0
BRDA:9,1,2,0
BRF:4
BRH:0
end_of_record
TN:
SF:/Users/boutrosbekhit/Documents/MyFace/client/src/redux/reducers/index.js
FNF:0
FNH:0
LF:0
LH:0
BRF:0
BRH:0
end_of_record
TN:
SF:/Users/boutrosbekhit/Documents/MyFace/client/src/redux/reducers/modalReducer.js
FN:5,(anonymous_0)
FNF:1
FNH:0
FNDA:0,(anonymous_0)
DA:3,0
DA:5,0
DA:6,0
DA:8,0
DA:9,0
DA:14,0
DA:16,0
LF:7
LH:0
BRDA:5,0,0,0
BRDA:6,1,0,0
BRDA:6,1,1,0
BRDA:6,1,2,0
BRF:4
BRH:0
end_of_record
TN:
SF:/Users/boutrosbekhit/Documents/MyFace/client/src/redux/reducers/postReducer.js
FN:12,(anonymous_0)
FN:19,(anonymous_1)
FN:21,(anonymous_2)
FN:25,(anonymous_3)
FN:29,(anonymous_4)
FNF:5
FNH:3
FNDA:7,(anonymous_0)
FNDA:4,(anonymous_1)
FNDA:4,(anonymous_2)
FNDA:0,(anonymous_3)
FNDA:0,(anonymous_4)
DA:10,1
DA:12,1
DA:13,7
DA:15,1
DA:17,1
DA:19,4
DA:21,2
DA:22,4
DA:25,0
DA:26,0
DA:29,0
DA:30,0
DA:33,1
LF:13
LH:9
BRDA:12,0,0,2
BRDA:13,1,0,1
BRDA:13,1,1,1
BRDA:13,1,2,2
BRDA:13,1,3,2
BRDA:13,1,4,0
BRDA:13,1,5,0
BRDA:13,1,6,1
BRDA:22,2,0,1
BRDA:22,2,1,3
BRDA:26,3,0,0
BRDA:26,3,1,0
BRDA:30,4,0,0
BRDA:30,4,1,0
BRF:14
BRH:8
end_of_record
TN:
SF:/Users/boutrosbekhit/Documents/MyFace/client/src/redux/reducers/profileReducer.js
FN:15,(anonymous_0)
FN:30,(anonymous_1)
FN:44,(anonymous_2)
FNF:3
FNH:0
FNDA:0,(anonymous_0)
FNDA:0,(anonymous_1)
FNDA:0,(anonymous_2)
DA:9,0
DA:15,0
DA:16,0
DA:18,0
DA:23,0
DA:28,0
DA:31,0
DA:37,0
DA:42,0
DA:44,0
DA:47,0
LF:11
LH:0
BRDA:15,0,0,0
BRDA:16,1,0,0
BRDA:16,1,1,0
BRDA:16,1,2,0
BRDA:16,1,3,0
BRDA:16,1,4,0
BRDA:16,1,5,0
BRDA:31,2,0,0
BRDA:31,2,1,0
BRF:9
BRH:0
end_of_record
TN:
SF:/Users/boutrosbekhit/Documents/MyFace/client/src/styles/Theme.js
FNF:0
FNH:0
DA:3,1
DA:4,1
DA:5,1
DA:6,1
DA:7,1
DA:8,1
LF:6
LH:6
BRF:0
BRH:0
end_of_record
TN:
SF:/Users/boutrosbekhit/Documents/MyFace/client/src/tests/setupTests.js
FNF:0
FNH:0
DA:4,0
LF:1
LH:0
BRF:0
BRH:0
end_of_record
TN:
SF:/Users/boutrosbekhit/Documents/MyFace/client/src/tests/mockData/mockData.js
FNF:0
FNH:0
LF:0
LH:0
BRF:0
BRH:0
end_of_record
